[2025-03-03T23:22:45.400+0000] {local_task_job_runner.py:123} INFO - ::group::Pre task execution logs
[2025-03-03T23:22:45.454+0000] {taskinstance.py:2612} INFO - Dependencies all met for dep_context=non-requeueable deps ti=<TaskInstance: train_predict.hello_world manual__2025-03-03T22:49:05.766617+00:00 [queued]>
[2025-03-03T23:22:45.479+0000] {taskinstance.py:2612} INFO - Dependencies all met for dep_context=requeueable deps ti=<TaskInstance: train_predict.hello_world manual__2025-03-03T22:49:05.766617+00:00 [queued]>
[2025-03-03T23:22:45.482+0000] {taskinstance.py:2865} INFO - Starting attempt 2 of 2
[2025-03-03T23:22:45.510+0000] {taskinstance.py:2888} INFO - Executing <Task(_PythonDecoratedOperator): hello_world> on 2025-03-03 22:49:05.766617+00:00
[2025-03-03T23:22:45.534+0000] {logging_mixin.py:190} WARNING - /home/***/.local/lib/python3.12/site-packages/***/task/task_runner/standard_task_runner.py:70 DeprecationWarning: This process (pid=7644) is multi-threaded, use of fork() may lead to deadlocks in the child.
[2025-03-03T23:22:45.538+0000] {standard_task_runner.py:104} INFO - Running: ['***', 'tasks', 'run', 'train_predict', 'hello_world', 'manual__2025-03-03T22:49:05.766617+00:00', '--job-id', '27', '--raw', '--subdir', 'DAGS_FOLDER/train_predict.py', '--cfg-path', '/tmp/tmppabxnx4y']
[2025-03-03T23:22:45.542+0000] {standard_task_runner.py:72} INFO - Started process 7647 to run task
[2025-03-03T23:22:45.542+0000] {standard_task_runner.py:105} INFO - Job 27: Subtask hello_world
[2025-03-03T23:22:45.650+0000] {task_command.py:467} INFO - Running <TaskInstance: train_predict.hello_world manual__2025-03-03T22:49:05.766617+00:00 [running]> on host b756940c1467
[2025-03-03T23:22:45.858+0000] {taskinstance.py:3131} INFO - Exporting env vars: AIRFLOW_CTX_DAG_OWNER='***' AIRFLOW_CTX_DAG_ID='train_predict' AIRFLOW_CTX_TASK_ID='hello_world' AIRFLOW_CTX_EXECUTION_DATE='2025-03-03T22:49:05.766617+00:00' AIRFLOW_CTX_TRY_NUMBER='2' AIRFLOW_CTX_DAG_RUN_ID='manual__2025-03-03T22:49:05.766617+00:00'
[2025-03-03T23:22:45.861+0000] {taskinstance.py:731} INFO - ::endgroup::
[2025-03-03T23:22:45.867+0000] {logging_mixin.py:190} INFO - Hello World
[2025-03-03T23:22:46.572+0000] {cursor.py:1156} INFO - Number of results in first chunk: 90
[2025-03-03T23:22:46.577+0000] {logging_mixin.py:190} INFO - ('GOOG', datetime.date(2025, 3, 3), 173.47, 175.0, 167.64, 168.66, 24051664.0)
[2025-03-03T23:22:46.578+0000] {logging_mixin.py:190} INFO - ('GOOG', datetime.date(2025, 2, 28), 170.3, 172.5, 168.39, 172.22, 30049812.0)
[2025-03-03T23:22:46.579+0000] {logging_mixin.py:190} INFO - ('GOOG', datetime.date(2025, 2, 27), 175.94, 176.59, 169.752, 170.21, 25930530.0)
[2025-03-03T23:22:46.580+0000] {logging_mixin.py:190} INFO - ('GOOG', datetime.date(2025, 2, 26), 176.945, 178.08, 173.59, 174.7, 23693251.0)
[2025-03-03T23:22:46.582+0000] {logging_mixin.py:190} INFO - ('GOOG', datetime.date(2025, 2, 25), 180.155, 180.76, 176.77, 177.37, 20832485.0)
[2025-03-03T23:22:46.583+0000] {logging_mixin.py:190} INFO - ('GOOG', datetime.date(2025, 2, 24), 183.8, 185.09, 180.88, 181.19, 18734014.0)
[2025-03-03T23:22:46.583+0000] {logging_mixin.py:190} INFO - ('GOOG', datetime.date(2025, 2, 21), 187.29, 187.47, 181.13, 181.58, 19520782.0)
[2025-03-03T23:22:46.584+0000] {logging_mixin.py:190} INFO - ('GOOG', datetime.date(2025, 2, 20), 186.5, 187.12, 184.6, 186.64, 12063807.0)
[2025-03-03T23:22:46.586+0000] {logging_mixin.py:190} INFO - ('GOOG', datetime.date(2025, 2, 19), 186.185, 187.36, 185.5, 187.13, 13120465.0)
[2025-03-03T23:22:46.587+0000] {logging_mixin.py:190} INFO - ('GOOG', datetime.date(2025, 2, 18), 187.44, 187.78, 183.58, 185.8, 19796028.0)
[2025-03-03T23:22:46.588+0000] {logging_mixin.py:190} INFO - ('GOOG', datetime.date(2025, 2, 14), 186.83, 188.15, 186.11, 186.87, 12714154.0)
[2025-03-03T23:22:46.590+0000] {logging_mixin.py:190} INFO - ('GOOG', datetime.date(2025, 2, 13), 185.93, 187.99, 184.88, 187.88, 12729334.0)
[2025-03-03T23:22:46.591+0000] {logging_mixin.py:190} INFO - ('GOOG', datetime.date(2025, 2, 12), 185.23, 186.83, 183.63, 185.43, 17632314.0)
[2025-03-03T23:22:46.592+0000] {logging_mixin.py:190} INFO - ('GOOG', datetime.date(2025, 2, 11), 186.835, 188.8, 186.08, 187.07, 13028100.0)
[2025-03-03T23:22:46.593+0000] {logging_mixin.py:190} INFO - ('GOOG', datetime.date(2025, 2, 10), 189.06, 189.99, 187.61, 188.2, 16606020.0)
[2025-03-03T23:22:46.594+0000] {logging_mixin.py:190} INFO - ('GOOG', datetime.date(2025, 2, 7), 192.74, 193.015, 185.1, 187.14, 29565724.0)
[2025-03-03T23:22:46.595+0000] {logging_mixin.py:190} INFO - ('GOOG', datetime.date(2025, 2, 6), 190.99, 193.83, 190.49, 193.31, 20816593.0)
[2025-03-03T23:22:46.596+0000] {logging_mixin.py:190} INFO - ('GOOG', datetime.date(2025, 2, 5), 193.1, 194.5499, 189.91, 193.3, 43719589.0)
[2025-03-03T23:22:46.597+0000] {logging_mixin.py:190} INFO - ('GOOG', datetime.date(2025, 2, 4), 204.5, 208.7, 204.26, 207.71, 28285436.0)
[2025-03-03T23:22:46.598+0000] {logging_mixin.py:190} INFO - ('GOOG', datetime.date(2025, 2, 3), 202.215, 205.22, 201.66, 202.64, 16719469.0)
[2025-03-03T23:22:46.599+0000] {logging_mixin.py:190} INFO - ('GOOG', datetime.date(2025, 1, 31), 203.715, 207.08, 203.58, 205.6, 17087335.0)
[2025-03-03T23:22:46.600+0000] {logging_mixin.py:190} INFO - ('GOOG', datetime.date(2025, 1, 30), 199.76, 203.2384, 199.4717, 202.63, 14571479.0)
[2025-03-03T23:22:46.601+0000] {logging_mixin.py:190} INFO - ('GOOG', datetime.date(2025, 1, 29), 197.37, 198.4595, 195.19, 197.18, 12287818.0)
[2025-03-03T23:22:46.601+0000] {logging_mixin.py:190} INFO - ('GOOG', datetime.date(2025, 1, 28), 194.65, 197.23, 192.61, 197.07, 15939161.0)
[2025-03-03T23:22:46.603+0000] {logging_mixin.py:190} INFO - ('GOOG', datetime.date(2025, 1, 27), 194.19, 198.67, 192.7, 193.77, 24970173.0)
[2025-03-03T23:22:46.604+0000] {logging_mixin.py:190} INFO - ('GOOG', datetime.date(2025, 1, 24), 199.85, 202.57, 199.7842, 201.9, 12732376.0)
[2025-03-03T23:22:46.604+0000] {logging_mixin.py:190} INFO - ('GOOG', datetime.date(2025, 1, 23), 199.98, 201.94, 196.82, 199.58, 15170838.0)
[2025-03-03T23:22:46.605+0000] {logging_mixin.py:190} INFO - ('GOOG', datetime.date(2025, 1, 22), 200.55, 202.12, 199.2, 200.03, 15477376.0)
[2025-03-03T23:22:46.607+0000] {logging_mixin.py:190} INFO - ('GOOG', datetime.date(2025, 1, 21), 200.51, 203.84, 199.44, 199.63, 19005232.0)
[2025-03-03T23:22:46.608+0000] {logging_mixin.py:190} INFO - ('GOOG', datetime.date(2025, 1, 17), 198.05, 198.81, 195.31, 197.55, 22109129.0)
[2025-03-03T23:22:46.609+0000] {logging_mixin.py:190} INFO - ('GOOG', datetime.date(2025, 1, 16), 195.825, 196.9799, 194.3, 194.41, 13449581.0)
[2025-03-03T23:22:46.610+0000] {logging_mixin.py:190} INFO - ('GOOG', datetime.date(2025, 1, 15), 194.35, 197.8, 193.33, 196.98, 12894875.0)
[2025-03-03T23:22:46.611+0000] {logging_mixin.py:190} INFO - ('GOOG', datetime.date(2025, 1, 14), 192.5, 193.27, 189.64, 191.05, 13651183.0)
[2025-03-03T23:22:46.611+0000] {logging_mixin.py:190} INFO - ('GOOG', datetime.date(2025, 1, 13), 191.35, 192.49, 188.66, 192.29, 13169060.0)
[2025-03-03T23:22:46.612+0000] {logging_mixin.py:190} INFO - ('GOOG', datetime.date(2025, 1, 10), 195.42, 197.62, 191.6, 193.17, 20753794.0)
[2025-03-03T23:22:46.613+0000] {logging_mixin.py:190} INFO - ('GOOG', datetime.date(2025, 1, 8), 193.95, 197.64, 193.75, 195.39, 14335341.0)
[2025-03-03T23:22:46.614+0000] {logging_mixin.py:190} INFO - ('GOOG', datetime.date(2025, 1, 7), 198.27, 202.14, 195.94, 196.71, 16966760.0)
[2025-03-03T23:22:46.615+0000] {logging_mixin.py:190} INFO - ('GOOG', datetime.date(2025, 1, 6), 195.15, 199.56, 195.06, 197.96, 19483323.0)
[2025-03-03T23:22:46.616+0000] {logging_mixin.py:190} INFO - ('GOOG', datetime.date(2025, 1, 3), 192.725, 194.5, 191.35, 193.13, 12874957.0)
[2025-03-03T23:22:46.617+0000] {logging_mixin.py:190} INFO - ('GOOG', datetime.date(2025, 1, 2), 191.485, 193.2, 188.71, 190.63, 17545162.0)
[2025-03-03T23:22:46.618+0000] {logging_mixin.py:190} INFO - ('GOOG', datetime.date(2024, 12, 31), 192.445, 193.25, 189.58, 190.44, 14355221.0)
[2025-03-03T23:22:46.621+0000] {logging_mixin.py:190} INFO - ('GOOG', datetime.date(2024, 12, 30), 190.865, 193.78, 190.36, 192.69, 12209534.0)
[2025-03-03T23:22:46.622+0000] {logging_mixin.py:190} INFO - ('GOOG', datetime.date(2024, 12, 27), 196.47, 196.8, 191.972, 194.04, 14692994.0)
[2025-03-03T23:22:46.623+0000] {logging_mixin.py:190} INFO - ('GOOG', datetime.date(2024, 12, 26), 196.74, 198.16, 195.87, 197.1, 7918434.0)
[2025-03-03T23:22:46.624+0000] {logging_mixin.py:190} INFO - ('GOOG', datetime.date(2024, 12, 24), 196.17, 197.67, 195.1979, 197.57, 6809823.0)
[2025-03-03T23:22:46.625+0000] {logging_mixin.py:190} INFO - ('GOOG', datetime.date(2024, 12, 23), 194.03, 196.49, 191.63, 195.99, 15235942.0)
[2025-03-03T23:22:46.626+0000] {logging_mixin.py:190} INFO - ('GOOG', datetime.date(2024, 12, 20), 187.01, 194.1354, 186.37, 192.96, 45319703.0)
[2025-03-03T23:22:46.627+0000] {logging_mixin.py:190} INFO - ('GOOG', datetime.date(2024, 12, 19), 193.28, 194.6, 189.52, 189.7, 26981196.0)
[2025-03-03T23:22:46.628+0000] {logging_mixin.py:190} INFO - ('GOOG', datetime.date(2024, 12, 18), 196.83, 198.6899, 189.28, 190.15, 27638416.0)
[2025-03-03T23:22:46.628+0000] {logging_mixin.py:190} INFO - ('GOOG', datetime.date(2024, 12, 17), 198.53, 202.88, 196.69, 197.12, 24129481.0)
[2025-03-03T23:22:46.629+0000] {logging_mixin.py:190} INFO - ('GOOG', datetime.date(2024, 12, 16), 194.365, 200.64, 194.11, 198.16, 32248640.0)
[2025-03-03T23:22:46.630+0000] {logging_mixin.py:190} INFO - ('GOOG', datetime.date(2024, 12, 13), 192.71, 194.34, 191.26, 191.38, 18883217.0)
[2025-03-03T23:22:46.631+0000] {logging_mixin.py:190} INFO - ('GOOG', datetime.date(2024, 12, 12), 196.3, 196.7053, 193.28, 193.63, 25197757.0)
[2025-03-03T23:22:46.632+0000] {logging_mixin.py:190} INFO - ('GOOG', datetime.date(2024, 12, 11), 186.7, 196.89, 186.26, 196.71, 41664489.0)
[2025-03-03T23:22:46.633+0000] {logging_mixin.py:190} INFO - ('GOOG', datetime.date(2024, 12, 10), 184.535, 188.03, 182.67, 186.53, 34317438.0)
[2025-03-03T23:22:46.633+0000] {logging_mixin.py:190} INFO - ('GOOG', datetime.date(2024, 12, 9), 175.715, 178.04, 175.4, 177.1, 19887786.0)
[2025-03-03T23:22:46.634+0000] {logging_mixin.py:190} INFO - ('GOOG', datetime.date(2024, 12, 6), 173.88, 176.8389, 173.55, 176.49, 13319549.0)
[2025-03-03T23:22:46.635+0000] {logging_mixin.py:190} INFO - ('GOOG', datetime.date(2024, 12, 5), 177.32, 177.71, 174.01, 174.31, 16145520.0)
[2025-03-03T23:22:46.636+0000] {logging_mixin.py:190} INFO - ('GOOG', datetime.date(2024, 12, 4), 172.78, 176.43, 172.75, 176.09, 18239842.0)
[2025-03-03T23:22:46.638+0000] {logging_mixin.py:190} INFO - ('GOOG', datetime.date(2024, 12, 3), 173.12, 174.32, 172.51, 173.02, 15721483.0)
[2025-03-03T23:22:46.640+0000] {logging_mixin.py:190} INFO - ('GOOG', datetime.date(2024, 12, 2), 170.32, 173.6, 170.27, 172.98, 16593444.0)
[2025-03-03T23:22:46.641+0000] {logging_mixin.py:190} INFO - ('GOOG', datetime.date(2024, 11, 29), 170.06, 170.87, 168.75, 170.49, 9250712.0)
[2025-03-03T23:22:46.642+0000] {logging_mixin.py:190} INFO - ('GOOG', datetime.date(2024, 11, 27), 170.68, 171.14, 169.67, 170.82, 12433371.0)
[2025-03-03T23:22:46.643+0000] {logging_mixin.py:190} INFO - ('GOOG', datetime.date(2024, 11, 26), 169.49, 171.495, 169.43, 170.62, 14937478.0)
[2025-03-03T23:22:46.644+0000] {logging_mixin.py:190} INFO - ('GOOG', datetime.date(2024, 11, 25), 167.99, 170.46, 167.4, 169.43, 21395652.0)
[2025-03-03T23:22:46.645+0000] {logging_mixin.py:190} INFO - ('GOOG', datetime.date(2024, 11, 22), 167.16, 168.2645, 165.71, 166.57, 24497042.0)
[2025-03-03T23:22:46.646+0000] {logging_mixin.py:190} INFO - ('GOOG', datetime.date(2024, 11, 21), 175.455, 175.58, 165.31, 169.24, 38839431.0)
[2025-03-03T23:22:46.647+0000] {logging_mixin.py:190} INFO - ('GOOG', datetime.date(2024, 11, 20), 178.83, 179.11, 175.33, 177.33, 15729806.0)
[2025-03-03T23:22:46.648+0000] {logging_mixin.py:190} INFO - ('GOOG', datetime.date(2024, 11, 19), 175.235, 180.17, 175.116, 179.58, 15392866.0)
[2025-03-03T23:22:46.648+0000] {logging_mixin.py:190} INFO - ('GOOG', datetime.date(2024, 11, 18), 174.955, 176.91, 174.42, 176.8, 18725422.0)
[2025-03-03T23:22:46.649+0000] {logging_mixin.py:190} INFO - ('GOOG', datetime.date(2024, 11, 15), 175.64, 175.88, 172.745, 173.89, 21708870.0)
[2025-03-03T23:22:46.650+0000] {logging_mixin.py:190} INFO - ('GOOG', datetime.date(2024, 11, 14), 179.75, 180.445, 176.03, 177.35, 17925763.0)
[2025-03-03T23:22:46.651+0000] {logging_mixin.py:190} INFO - ('GOOG', datetime.date(2024, 11, 13), 182.15, 182.615, 180.12, 180.49, 13969709.0)
[2025-03-03T23:22:46.652+0000] {logging_mixin.py:190} INFO - ('GOOG', datetime.date(2024, 11, 12), 181.38, 184.025, 180.99, 183.32, 14065845.0)
[2025-03-03T23:22:46.653+0000] {logging_mixin.py:190} INFO - ('GOOG', datetime.date(2024, 11, 11), 180.07, 182.085, 179.99, 181.97, 12503422.0)
[2025-03-03T23:22:46.654+0000] {logging_mixin.py:190} INFO - ('GOOG', datetime.date(2024, 11, 8), 182.0, 182.35, 179.57, 179.86, 15021549.0)
[2025-03-03T23:22:46.655+0000] {logging_mixin.py:190} INFO - ('GOOG', datetime.date(2024, 11, 7), 179.11, 182.58, 178.89, 182.28, 16730407.0)
[2025-03-03T23:22:46.656+0000] {logging_mixin.py:190} INFO - ('GOOG', datetime.date(2024, 11, 6), 175.35, 178.64, 175.04, 178.33, 27061510.0)
[2025-03-03T23:22:46.657+0000] {logging_mixin.py:190} INFO - ('GOOG', datetime.date(2024, 11, 5), 170.83, 172.0973, 170.37, 171.41, 12518282.0)
[2025-03-03T23:22:46.658+0000] {logging_mixin.py:190} INFO - ('GOOG', datetime.date(2024, 11, 4), 171.24, 171.92, 169.485, 170.68, 16193994.0)
[2025-03-03T23:22:46.658+0000] {logging_mixin.py:190} INFO - ('GOOG', datetime.date(2024, 11, 1), 171.54, 173.82, 170.31, 172.65, 21752859.0)
[2025-03-03T23:22:46.659+0000] {logging_mixin.py:190} INFO - ('GOOG', datetime.date(2024, 10, 31), 174.72, 178.42, 172.56, 172.69, 32801898.0)
[2025-03-03T23:22:46.660+0000] {logging_mixin.py:190} INFO - ('GOOG', datetime.date(2024, 10, 30), 182.41, 183.79, 175.7451, 176.14, 49698313.0)
[2025-03-03T23:22:46.661+0000] {logging_mixin.py:190} INFO - ('GOOG', datetime.date(2024, 10, 29), 169.385, 171.86, 168.66, 171.14, 28916106.0)
[2025-03-03T23:22:46.662+0000] {logging_mixin.py:190} INFO - ('GOOG', datetime.date(2024, 10, 28), 170.59, 170.606, 165.79, 168.34, 20858254.0)
[2025-03-03T23:22:46.663+0000] {logging_mixin.py:190} INFO - ('GOOG', datetime.date(2024, 10, 25), 165.365, 167.4, 165.23, 166.99, 14566410.0)
[2025-03-03T23:22:46.663+0000] {logging_mixin.py:190} INFO - ('GOOG', datetime.date(2024, 10, 24), 164.59, 165.05, 162.77, 164.53, 12764430.0)
[2025-03-03T23:22:46.664+0000] {logging_mixin.py:190} INFO - ('GOOG', datetime.date(2024, 10, 23), 166.43, 167.6, 163.6325, 164.48, 12754283.0)
[2025-03-03T23:22:46.665+0000] {logging_mixin.py:190} INFO - ('GOOG', datetime.date(2024, 10, 22), 164.7, 167.47, 164.67, 166.82, 11958617.0)
[2025-03-03T23:22:46.666+0000] {logging_mixin.py:190} INFO - ('GOOG', datetime.date(2024, 10, 21), 164.58, 166.22, 164.305, 165.8, 11384047.0)
[2025-03-03T23:22:46.667+0000] {logging_mixin.py:190} INFO - Bye World
[2025-03-03T23:22:46.667+0000] {python.py:240} INFO - Done. Returned value was: None
[2025-03-03T23:22:46.692+0000] {taskinstance.py:340} INFO - ::group::Post task execution logs
[2025-03-03T23:22:46.693+0000] {taskinstance.py:352} INFO - Marking task as SUCCESS. dag_id=train_predict, task_id=hello_world, run_id=manual__2025-03-03T22:49:05.766617+00:00, execution_date=20250303T224905, start_date=20250303T232245, end_date=20250303T232246
[2025-03-03T23:22:46.769+0000] {local_task_job_runner.py:266} INFO - Task exited with return code 0
[2025-03-03T23:22:46.805+0000] {taskinstance.py:3900} INFO - 0 downstream tasks scheduled from follow-on schedule check
[2025-03-03T23:22:46.809+0000] {local_task_job_runner.py:245} INFO - ::endgroup::
