[2025-03-03T21:25:10.658+0000] {local_task_job_runner.py:123} INFO - ::group::Pre task execution logs
[2025-03-03T21:25:10.691+0000] {taskinstance.py:2612} INFO - Dependencies all met for dep_context=non-requeueable deps ti=<TaskInstance: train_predict.etl_full_refresh manual__2025-03-03T21:25:06.225228+00:00 [queued]>
[2025-03-03T21:25:10.710+0000] {taskinstance.py:2612} INFO - Dependencies all met for dep_context=requeueable deps ti=<TaskInstance: train_predict.etl_full_refresh manual__2025-03-03T21:25:06.225228+00:00 [queued]>
[2025-03-03T21:25:10.712+0000] {taskinstance.py:2865} INFO - Starting attempt 1 of 1
[2025-03-03T21:25:10.741+0000] {taskinstance.py:2888} INFO - Executing <Task(_PythonDecoratedOperator): etl_full_refresh> on 2025-03-03 21:25:06.225228+00:00
[2025-03-03T21:25:10.762+0000] {logging_mixin.py:190} WARNING - /home/***/.local/lib/python3.12/site-packages/***/task/task_runner/standard_task_runner.py:70 DeprecationWarning: This process (pid=3925) is multi-threaded, use of fork() may lead to deadlocks in the child.
[2025-03-03T21:25:10.760+0000] {standard_task_runner.py:104} INFO - Running: ['***', 'tasks', 'run', 'train_predict', 'etl_full_refresh', 'manual__2025-03-03T21:25:06.225228+00:00', '--job-id', '11', '--raw', '--subdir', 'DAGS_FOLDER/train_predict.py', '--cfg-path', '/tmp/tmpxajnlcmd']
[2025-03-03T21:25:10.764+0000] {standard_task_runner.py:72} INFO - Started process 3934 to run task
[2025-03-03T21:25:10.764+0000] {standard_task_runner.py:105} INFO - Job 11: Subtask etl_full_refresh
[2025-03-03T21:25:10.867+0000] {task_command.py:467} INFO - Running <TaskInstance: train_predict.etl_full_refresh manual__2025-03-03T21:25:06.225228+00:00 [running]> on host b756940c1467
[2025-03-03T21:25:11.040+0000] {taskinstance.py:3131} INFO - Exporting env vars: AIRFLOW_CTX_DAG_OWNER='***' AIRFLOW_CTX_DAG_ID='train_predict' AIRFLOW_CTX_TASK_ID='etl_full_refresh' AIRFLOW_CTX_EXECUTION_DATE='2025-03-03T21:25:06.225228+00:00' AIRFLOW_CTX_TRY_NUMBER='1' AIRFLOW_CTX_DAG_RUN_ID='manual__2025-03-03T21:25:06.225228+00:00'
[2025-03-03T21:25:11.043+0000] {taskinstance.py:731} INFO - ::endgroup::
[2025-03-03T21:25:14.161+0000] {cursor.py:1156} INFO - Number of results in first chunk: 1
[2025-03-03T21:25:14.286+0000] {cursor.py:1156} INFO - Number of results in first chunk: 1
[2025-03-03T21:25:15.250+0000] {logging_mixin.py:190} INFO - Shivam GOOG 2025-03-03 173.4700 175.0000 167.6400 168.6600 24000398
[2025-03-03T21:25:15.991+0000] {logging_mixin.py:190} INFO - Shivam GOOG 2025-02-28 170.3000 172.5000 168.3900 172.2200 30049812
[2025-03-03T21:25:16.784+0000] {logging_mixin.py:190} INFO - Shivam GOOG 2025-02-27 175.9400 176.5900 169.7520 170.2100 25930530
[2025-03-03T21:25:17.390+0000] {logging_mixin.py:190} INFO - Shivam GOOG 2025-02-26 176.9450 178.0800 173.5900 174.7000 23693251
[2025-03-03T21:25:18.212+0000] {logging_mixin.py:190} INFO - Shivam GOOG 2025-02-25 180.1550 180.7600 176.7700 177.3700 20832485
[2025-03-03T21:25:19.132+0000] {logging_mixin.py:190} INFO - Shivam GOOG 2025-02-24 183.8000 185.0900 180.8800 181.1900 18734014
[2025-03-03T21:25:19.957+0000] {logging_mixin.py:190} INFO - Shivam GOOG 2025-02-21 187.2900 187.4700 181.1300 181.5800 19520782
[2025-03-03T21:25:20.784+0000] {logging_mixin.py:190} INFO - Shivam GOOG 2025-02-20 186.5000 187.1200 184.6000 186.6400 12063807
[2025-03-03T21:25:21.581+0000] {logging_mixin.py:190} INFO - Shivam GOOG 2025-02-19 186.1850 187.3600 185.5000 187.1300 13120465
[2025-03-03T21:25:22.375+0000] {logging_mixin.py:190} INFO - Shivam GOOG 2025-02-18 187.4400 187.7800 183.5800 185.8000 19796028
[2025-03-03T21:25:22.909+0000] {logging_mixin.py:190} INFO - Shivam GOOG 2025-02-14 186.8300 188.1500 186.1100 186.8700 12714154
[2025-03-03T21:25:23.542+0000] {logging_mixin.py:190} INFO - Shivam GOOG 2025-02-13 185.9300 187.9900 184.8800 187.8800 12729334
[2025-03-03T21:25:24.258+0000] {logging_mixin.py:190} INFO - Shivam GOOG 2025-02-12 185.2300 186.8300 183.6300 185.4300 17632314
[2025-03-03T21:25:24.875+0000] {logging_mixin.py:190} INFO - Shivam GOOG 2025-02-11 186.8350 188.8000 186.0800 187.0700 13028100
[2025-03-03T21:25:25.390+0000] {logging_mixin.py:190} INFO - Shivam GOOG 2025-02-10 189.0600 189.9900 187.6100 188.2000 16606020
[2025-03-03T21:25:25.901+0000] {logging_mixin.py:190} INFO - Shivam GOOG 2025-02-07 192.7400 193.0150 185.1000 187.1400 29565724
[2025-03-03T21:25:26.348+0000] {logging_mixin.py:190} INFO - Shivam GOOG 2025-02-06 190.9900 193.8300 190.4900 193.3100 20816593
[2025-03-03T21:25:26.815+0000] {logging_mixin.py:190} INFO - Shivam GOOG 2025-02-05 193.1000 194.5499 189.9100 193.3000 43719589
[2025-03-03T21:25:27.200+0000] {logging_mixin.py:190} INFO - Shivam GOOG 2025-02-04 204.5000 208.7000 204.2600 207.7100 28285436
[2025-03-03T21:25:27.742+0000] {logging_mixin.py:190} INFO - Shivam GOOG 2025-02-03 202.2150 205.2200 201.6600 202.6400 16719469
[2025-03-03T21:25:28.249+0000] {logging_mixin.py:190} INFO - Shivam GOOG 2025-01-31 203.7150 207.0800 203.5800 205.6000 17087335
[2025-03-03T21:25:28.738+0000] {logging_mixin.py:190} INFO - Shivam GOOG 2025-01-30 199.7600 203.2384 199.4717 202.6300 14571479
[2025-03-03T21:25:29.475+0000] {logging_mixin.py:190} INFO - Shivam GOOG 2025-01-29 197.3700 198.4595 195.1900 197.1800 12287818
[2025-03-03T21:25:29.839+0000] {logging_mixin.py:190} INFO - Shivam GOOG 2025-01-28 194.6500 197.2300 192.6100 197.0700 15939161
[2025-03-03T21:25:30.604+0000] {logging_mixin.py:190} INFO - Shivam GOOG 2025-01-27 194.1900 198.6700 192.7000 193.7700 24970173
[2025-03-03T21:25:31.206+0000] {logging_mixin.py:190} INFO - Shivam GOOG 2025-01-24 199.8500 202.5700 199.7842 201.9000 12732376
[2025-03-03T21:25:31.955+0000] {logging_mixin.py:190} INFO - Shivam GOOG 2025-01-23 199.9800 201.9400 196.8200 199.5800 15170838
[2025-03-03T21:25:32.451+0000] {logging_mixin.py:190} INFO - Shivam GOOG 2025-01-22 200.5500 202.1200 199.2000 200.0300 15477376
[2025-03-03T21:25:32.846+0000] {logging_mixin.py:190} INFO - Shivam GOOG 2025-01-21 200.5100 203.8400 199.4400 199.6300 19005232
[2025-03-03T21:25:33.369+0000] {logging_mixin.py:190} INFO - Shivam GOOG 2025-01-17 198.0500 198.8100 195.3100 197.5500 22109129
[2025-03-03T21:25:33.820+0000] {logging_mixin.py:190} INFO - Shivam GOOG 2025-01-16 195.8250 196.9799 194.3000 194.4100 13449581
[2025-03-03T21:25:34.542+0000] {logging_mixin.py:190} INFO - Shivam GOOG 2025-01-15 194.3500 197.8000 193.3300 196.9800 12894875
[2025-03-03T21:25:35.106+0000] {logging_mixin.py:190} INFO - Shivam GOOG 2025-01-14 192.5000 193.2700 189.6400 191.0500 13651183
[2025-03-03T21:25:35.650+0000] {logging_mixin.py:190} INFO - Shivam GOOG 2025-01-13 191.3500 192.4900 188.6600 192.2900 13169060
[2025-03-03T21:25:36.344+0000] {logging_mixin.py:190} INFO - Shivam GOOG 2025-01-10 195.4200 197.6200 191.6000 193.1700 20753794
[2025-03-03T21:25:37.083+0000] {logging_mixin.py:190} INFO - Shivam GOOG 2025-01-08 193.9500 197.6400 193.7500 195.3900 14335341
[2025-03-03T21:25:37.523+0000] {logging_mixin.py:190} INFO - Shivam GOOG 2025-01-07 198.2700 202.1400 195.9400 196.7100 16966760
[2025-03-03T21:25:38.089+0000] {logging_mixin.py:190} INFO - Shivam GOOG 2025-01-06 195.1500 199.5600 195.0600 197.9600 19483323
[2025-03-03T21:25:38.589+0000] {logging_mixin.py:190} INFO - Shivam GOOG 2025-01-03 192.7250 194.5000 191.3500 193.1300 12874957
[2025-03-03T21:25:39.100+0000] {logging_mixin.py:190} INFO - Shivam GOOG 2025-01-02 191.4850 193.2000 188.7100 190.6300 17545162
[2025-03-03T21:25:40.330+0000] {logging_mixin.py:190} INFO - Shivam GOOG 2024-12-31 192.4450 193.2500 189.5800 190.4400 14355221
[2025-03-03T21:25:40.847+0000] {logging_mixin.py:190} INFO - Shivam GOOG 2024-12-30 190.8650 193.7800 190.3600 192.6900 12209534
[2025-03-03T21:25:41.292+0000] {logging_mixin.py:190} INFO - Shivam GOOG 2024-12-27 196.4700 196.8000 191.9720 194.0400 14692994
[2025-03-03T21:25:41.840+0000] {logging_mixin.py:190} INFO - Shivam GOOG 2024-12-26 196.7400 198.1600 195.8700 197.1000 7918434
[2025-03-03T21:25:42.281+0000] {logging_mixin.py:190} INFO - Shivam GOOG 2024-12-24 196.1700 197.6700 195.1979 197.5700 6809823
[2025-03-03T21:25:42.730+0000] {logging_mixin.py:190} INFO - Shivam GOOG 2024-12-23 194.0300 196.4900 191.6300 195.9900 15235942
[2025-03-03T21:25:43.205+0000] {logging_mixin.py:190} INFO - Shivam GOOG 2024-12-20 187.0100 194.1354 186.3700 192.9600 45319703
[2025-03-03T21:25:43.875+0000] {logging_mixin.py:190} INFO - Shivam GOOG 2024-12-19 193.2800 194.6000 189.5200 189.7000 26981196
[2025-03-03T21:25:44.344+0000] {logging_mixin.py:190} INFO - Shivam GOOG 2024-12-18 196.8300 198.6899 189.2800 190.1500 27638416
[2025-03-03T21:25:44.845+0000] {logging_mixin.py:190} INFO - Shivam GOOG 2024-12-17 198.5300 202.8800 196.6900 197.1200 24129481
[2025-03-03T21:25:45.385+0000] {logging_mixin.py:190} INFO - Shivam GOOG 2024-12-16 194.3650 200.6400 194.1100 198.1600 32248640
[2025-03-03T21:25:45.795+0000] {logging_mixin.py:190} INFO - Shivam GOOG 2024-12-13 192.7100 194.3400 191.2600 191.3800 18883217
[2025-03-03T21:25:46.257+0000] {logging_mixin.py:190} INFO - Shivam GOOG 2024-12-12 196.3000 196.7053 193.2800 193.6300 25197757
[2025-03-03T21:25:46.802+0000] {logging_mixin.py:190} INFO - Shivam GOOG 2024-12-11 186.7000 196.8900 186.2600 196.7100 41664489
[2025-03-03T21:25:47.293+0000] {logging_mixin.py:190} INFO - Shivam GOOG 2024-12-10 184.5350 188.0300 182.6700 186.5300 34317438
[2025-03-03T21:25:48.167+0000] {logging_mixin.py:190} INFO - Shivam GOOG 2024-12-09 175.7150 178.0400 175.4000 177.1000 19887786
[2025-03-03T21:25:48.788+0000] {logging_mixin.py:190} INFO - Shivam GOOG 2024-12-06 173.8800 176.8389 173.5500 176.4900 13319549
[2025-03-03T21:25:49.296+0000] {logging_mixin.py:190} INFO - Shivam GOOG 2024-12-05 177.3200 177.7100 174.0100 174.3100 16145520
[2025-03-03T21:25:49.863+0000] {logging_mixin.py:190} INFO - Shivam GOOG 2024-12-04 172.7800 176.4300 172.7500 176.0900 18239842
[2025-03-03T21:25:50.374+0000] {logging_mixin.py:190} INFO - Shivam GOOG 2024-12-03 173.1200 174.3200 172.5100 173.0200 15721483
[2025-03-03T21:25:50.859+0000] {logging_mixin.py:190} INFO - Shivam GOOG 2024-12-02 170.3200 173.6000 170.2700 172.9800 16593444
[2025-03-03T21:25:51.506+0000] {logging_mixin.py:190} INFO - Shivam GOOG 2024-11-29 170.0600 170.8700 168.7500 170.4900 9250712
[2025-03-03T21:25:52.098+0000] {logging_mixin.py:190} INFO - Shivam GOOG 2024-11-27 170.6800 171.1400 169.6700 170.8200 12433371
[2025-03-03T21:25:52.691+0000] {logging_mixin.py:190} INFO - Shivam GOOG 2024-11-26 169.4900 171.4950 169.4300 170.6200 14937478
[2025-03-03T21:25:53.431+0000] {logging_mixin.py:190} INFO - Shivam GOOG 2024-11-25 167.9900 170.4600 167.4000 169.4300 21395652
[2025-03-03T21:25:54.057+0000] {logging_mixin.py:190} INFO - Shivam GOOG 2024-11-22 167.1600 168.2645 165.7100 166.5700 24497042
[2025-03-03T21:25:54.570+0000] {logging_mixin.py:190} INFO - Shivam GOOG 2024-11-21 175.4550 175.5800 165.3100 169.2400 38839431
[2025-03-03T21:25:55.030+0000] {logging_mixin.py:190} INFO - Shivam GOOG 2024-11-20 178.8300 179.1100 175.3300 177.3300 15729806
[2025-03-03T21:25:55.710+0000] {logging_mixin.py:190} INFO - Shivam GOOG 2024-11-19 175.2350 180.1700 175.1160 179.5800 15392866
[2025-03-03T21:25:56.292+0000] {logging_mixin.py:190} INFO - Shivam GOOG 2024-11-18 174.9550 176.9100 174.4200 176.8000 18725422
[2025-03-03T21:25:57.025+0000] {logging_mixin.py:190} INFO - Shivam GOOG 2024-11-15 175.6400 175.8800 172.7450 173.8900 21708870
[2025-03-03T21:25:57.546+0000] {logging_mixin.py:190} INFO - Shivam GOOG 2024-11-14 179.7500 180.4450 176.0300 177.3500 17925763
[2025-03-03T21:25:58.021+0000] {logging_mixin.py:190} INFO - Shivam GOOG 2024-11-13 182.1500 182.6150 180.1200 180.4900 13969709
[2025-03-03T21:25:58.442+0000] {logging_mixin.py:190} INFO - Shivam GOOG 2024-11-12 181.3800 184.0250 180.9900 183.3200 14065845
[2025-03-03T21:25:58.930+0000] {logging_mixin.py:190} INFO - Shivam GOOG 2024-11-11 180.0700 182.0850 179.9900 181.9700 12503422
[2025-03-03T21:25:59.591+0000] {logging_mixin.py:190} INFO - Shivam GOOG 2024-11-08 182.0000 182.3500 179.5700 179.8600 15021549
[2025-03-03T21:26:00.193+0000] {logging_mixin.py:190} INFO - Shivam GOOG 2024-11-07 179.1100 182.5800 178.8900 182.2800 16730407
[2025-03-03T21:26:00.806+0000] {logging_mixin.py:190} INFO - Shivam GOOG 2024-11-06 175.3500 178.6400 175.0400 178.3300 27061510
[2025-03-03T21:26:01.197+0000] {logging_mixin.py:190} INFO - Shivam GOOG 2024-11-05 170.8300 172.0973 170.3700 171.4100 12518282
[2025-03-03T21:26:01.744+0000] {logging_mixin.py:190} INFO - Shivam GOOG 2024-11-04 171.2400 171.9200 169.4850 170.6800 16193994
[2025-03-03T21:26:02.367+0000] {logging_mixin.py:190} INFO - Shivam GOOG 2024-11-01 171.5400 173.8200 170.3100 172.6500 21752859
[2025-03-03T21:26:03.079+0000] {logging_mixin.py:190} INFO - Shivam GOOG 2024-10-31 174.7200 178.4200 172.5600 172.6900 32801898
[2025-03-03T21:26:03.842+0000] {logging_mixin.py:190} INFO - Shivam GOOG 2024-10-30 182.4100 183.7900 175.7451 176.1400 49698313
[2025-03-03T21:26:04.399+0000] {logging_mixin.py:190} INFO - Shivam GOOG 2024-10-29 169.3850 171.8600 168.6600 171.1400 28916106
[2025-03-03T21:26:04.913+0000] {logging_mixin.py:190} INFO - Shivam GOOG 2024-10-28 170.5900 170.6060 165.7900 168.3400 20858254
[2025-03-03T21:26:05.425+0000] {logging_mixin.py:190} INFO - Shivam GOOG 2024-10-25 165.3650 167.4000 165.2300 166.9900 14566410
[2025-03-03T21:26:05.936+0000] {logging_mixin.py:190} INFO - Shivam GOOG 2024-10-24 164.5900 165.0500 162.7700 164.5300 12764430
[2025-03-03T21:26:06.558+0000] {logging_mixin.py:190} INFO - Shivam GOOG 2024-10-23 166.4300 167.6000 163.6325 164.4800 12754283
[2025-03-03T21:26:07.207+0000] {logging_mixin.py:190} INFO - Shivam GOOG 2024-10-22 164.7000 167.4700 164.6700 166.8200 11958617
[2025-03-03T21:26:07.885+0000] {logging_mixin.py:190} INFO - Shivam GOOG 2024-10-21 164.5800 166.2200 164.3050 165.8000 11384047
[2025-03-03T21:26:17.995+0000] {cursor.py:1156} INFO - Number of results in first chunk: 1
[2025-03-03T21:26:17.997+0000] {python.py:240} INFO - Done. Returned value was: None
[2025-03-03T21:26:18.031+0000] {taskinstance.py:340} INFO - ::group::Post task execution logs
[2025-03-03T21:26:18.033+0000] {taskinstance.py:352} INFO - Marking task as SUCCESS. dag_id=train_predict, task_id=etl_full_refresh, run_id=manual__2025-03-03T21:25:06.225228+00:00, execution_date=20250303T212506, start_date=20250303T212510, end_date=20250303T212618
[2025-03-03T21:26:18.102+0000] {local_task_job_runner.py:266} INFO - Task exited with return code 0
[2025-03-03T21:26:18.135+0000] {taskinstance.py:3900} INFO - 0 downstream tasks scheduled from follow-on schedule check
[2025-03-03T21:26:18.139+0000] {local_task_job_runner.py:245} INFO - ::endgroup::
