[2025-03-04T00:17:18.051+0000] {local_task_job_runner.py:123} INFO - ::group::Pre task execution logs
[2025-03-04T00:17:18.086+0000] {taskinstance.py:2612} INFO - Dependencies all met for dep_context=non-requeueable deps ti=<TaskInstance: train_predict.predict scheduled__2025-03-03T00:00:00+00:00 [queued]>
[2025-03-04T00:17:18.105+0000] {taskinstance.py:2612} INFO - Dependencies all met for dep_context=requeueable deps ti=<TaskInstance: train_predict.predict scheduled__2025-03-03T00:00:00+00:00 [queued]>
[2025-03-04T00:17:18.106+0000] {taskinstance.py:2865} INFO - Starting attempt 1 of 1
[2025-03-04T00:17:18.128+0000] {taskinstance.py:2888} INFO - Executing <Task(_PythonDecoratedOperator): predict> on 2025-03-03 00:00:00+00:00
[2025-03-04T00:17:18.146+0000] {logging_mixin.py:190} WARNING - /home/***/.local/lib/python3.12/site-packages/***/task/task_runner/standard_task_runner.py:70 DeprecationWarning: This process (pid=7848) is multi-threaded, use of fork() may lead to deadlocks in the child.
[2025-03-04T00:17:18.145+0000] {standard_task_runner.py:104} INFO - Running: ['***', 'tasks', 'run', 'train_predict', 'predict', 'scheduled__2025-03-03T00:00:00+00:00', '--job-id', '30', '--raw', '--subdir', 'DAGS_FOLDER/train_predict.py', '--cfg-path', '/tmp/tmpgykh1e3v']
[2025-03-04T00:17:18.148+0000] {standard_task_runner.py:72} INFO - Started process 7851 to run task
[2025-03-04T00:17:18.148+0000] {standard_task_runner.py:105} INFO - Job 30: Subtask predict
[2025-03-04T00:17:18.231+0000] {task_command.py:467} INFO - Running <TaskInstance: train_predict.predict scheduled__2025-03-03T00:00:00+00:00 [running]> on host b756940c1467
[2025-03-04T00:17:18.385+0000] {taskinstance.py:3131} INFO - Exporting env vars: AIRFLOW_CTX_DAG_OWNER='***' AIRFLOW_CTX_DAG_ID='train_predict' AIRFLOW_CTX_TASK_ID='predict' AIRFLOW_CTX_EXECUTION_DATE='2025-03-03T00:00:00+00:00' AIRFLOW_CTX_TRY_NUMBER='1' AIRFLOW_CTX_DAG_RUN_ID='scheduled__2025-03-03T00:00:00+00:00'
[2025-03-04T00:17:18.387+0000] {taskinstance.py:731} INFO - ::endgroup::
[2025-03-04T00:17:37.034+0000] {cursor.py:1156} INFO - Number of results in first chunk: 1
[2025-03-04T00:17:38.556+0000] {cursor.py:1156} INFO - Number of results in first chunk: 1
[2025-03-04T00:17:38.557+0000] {python.py:240} INFO - Done. Returned value was: None
[2025-03-04T00:17:38.576+0000] {taskinstance.py:340} INFO - ::group::Post task execution logs
[2025-03-04T00:17:38.577+0000] {taskinstance.py:352} INFO - Marking task as SUCCESS. dag_id=train_predict, task_id=predict, run_id=scheduled__2025-03-03T00:00:00+00:00, execution_date=20250303T000000, start_date=20250304T001718, end_date=20250304T001738
[2025-03-04T00:17:38.641+0000] {local_task_job_runner.py:266} INFO - Task exited with return code 0
[2025-03-04T00:17:38.670+0000] {taskinstance.py:3900} INFO - 0 downstream tasks scheduled from follow-on schedule check
[2025-03-04T00:17:38.674+0000] {local_task_job_runner.py:245} INFO - ::endgroup::
