[2025-03-04T00:14:27.665+0000] {processor.py:186} INFO - Started process (PID=7762) to work on /opt/airflow/dags/train_predict.py
[2025-03-04T00:14:27.667+0000] {processor.py:914} INFO - Processing file /opt/airflow/dags/train_predict.py for tasks to queue
[2025-03-04T00:14:27.672+0000] {logging_mixin.py:190} INFO - [2025-03-04T00:14:27.671+0000] {dagbag.py:587} INFO - Filling up the DagBag from /opt/airflow/dags/train_predict.py
[2025-03-04T00:14:27.742+0000] {logging_mixin.py:190} INFO - [2025-03-04T00:14:27.741+0000] {base.py:84} INFO - Retrieving connection 'snowflake_conn'
[2025-03-04T00:14:27.746+0000] {logging_mixin.py:190} INFO - [2025-03-04T00:14:27.745+0000] {connection.py:413} INFO - Snowflake Connector for Python Version: 3.12.1, Python Version: 3.12.5, Platform: Linux-5.15.167.4-microsoft-standard-WSL2-x86_64-with-glibc2.36
[2025-03-04T00:14:27.749+0000] {logging_mixin.py:190} INFO - [2025-03-04T00:14:27.748+0000] {connection.py:1196} INFO - Connecting to GLOBAL Snowflake domain
[2025-03-04T00:14:27.750+0000] {logging_mixin.py:190} INFO - [2025-03-04T00:14:27.750+0000] {connection.py:1277} INFO - This connection is in OCSP Fail Open Mode. TLS Certificates would be checked for validity and revocation status. Any other Certificate Revocation related exceptions or OCSP Responder failures would be disregarded in favor of connectivity.
[2025-03-04T00:14:28.347+0000] {processor.py:925} INFO - DAG(s) 'train_predict' retrieved from /opt/airflow/dags/train_predict.py
[2025-03-04T00:14:28.957+0000] {logging_mixin.py:190} INFO - [2025-03-04T00:14:28.956+0000] {dag.py:3229} INFO - Sync 1 DAGs
[2025-03-04T00:14:29.003+0000] {logging_mixin.py:190} INFO - [2025-03-04T00:14:29.003+0000] {dag.py:4156} INFO - Setting next_dagrun for train_predict to 2025-03-04 00:00:00+00:00, run_after=2025-03-05 00:00:00+00:00
[2025-03-04T00:14:29.049+0000] {processor.py:208} INFO - Processing /opt/airflow/dags/train_predict.py took 1.400 seconds
[2025-03-04T00:14:59.471+0000] {processor.py:186} INFO - Started process (PID=7778) to work on /opt/airflow/dags/train_predict.py
[2025-03-04T00:14:59.473+0000] {processor.py:914} INFO - Processing file /opt/airflow/dags/train_predict.py for tasks to queue
[2025-03-04T00:14:59.476+0000] {logging_mixin.py:190} INFO - [2025-03-04T00:14:59.476+0000] {dagbag.py:587} INFO - Filling up the DagBag from /opt/airflow/dags/train_predict.py
[2025-03-04T00:14:59.549+0000] {logging_mixin.py:190} INFO - [2025-03-04T00:14:59.548+0000] {base.py:84} INFO - Retrieving connection 'snowflake_conn'
[2025-03-04T00:14:59.552+0000] {logging_mixin.py:190} INFO - [2025-03-04T00:14:59.552+0000] {connection.py:413} INFO - Snowflake Connector for Python Version: 3.12.1, Python Version: 3.12.5, Platform: Linux-5.15.167.4-microsoft-standard-WSL2-x86_64-with-glibc2.36
[2025-03-04T00:14:59.555+0000] {logging_mixin.py:190} INFO - [2025-03-04T00:14:59.555+0000] {connection.py:1196} INFO - Connecting to GLOBAL Snowflake domain
[2025-03-04T00:14:59.556+0000] {logging_mixin.py:190} INFO - [2025-03-04T00:14:59.556+0000] {connection.py:1277} INFO - This connection is in OCSP Fail Open Mode. TLS Certificates would be checked for validity and revocation status. Any other Certificate Revocation related exceptions or OCSP Responder failures would be disregarded in favor of connectivity.
[2025-03-04T00:15:00.067+0000] {processor.py:925} INFO - DAG(s) 'train_predict' retrieved from /opt/airflow/dags/train_predict.py
[2025-03-04T00:15:00.555+0000] {logging_mixin.py:190} INFO - [2025-03-04T00:15:00.555+0000] {dag.py:3229} INFO - Sync 1 DAGs
[2025-03-04T00:15:00.620+0000] {logging_mixin.py:190} INFO - [2025-03-04T00:15:00.619+0000] {dag.py:4156} INFO - Setting next_dagrun for train_predict to 2025-03-04 00:00:00+00:00, run_after=2025-03-05 00:00:00+00:00
[2025-03-04T00:15:00.664+0000] {processor.py:208} INFO - Processing /opt/airflow/dags/train_predict.py took 1.205 seconds
[2025-03-04T00:15:04.846+0000] {processor.py:186} INFO - Started process (PID=7789) to work on /opt/airflow/dags/train_predict.py
[2025-03-04T00:15:04.848+0000] {processor.py:914} INFO - Processing file /opt/airflow/dags/train_predict.py for tasks to queue
[2025-03-04T00:15:04.851+0000] {logging_mixin.py:190} INFO - [2025-03-04T00:15:04.850+0000] {dagbag.py:587} INFO - Filling up the DagBag from /opt/airflow/dags/train_predict.py
[2025-03-04T00:15:04.935+0000] {logging_mixin.py:190} INFO - [2025-03-04T00:15:04.935+0000] {base.py:84} INFO - Retrieving connection 'snowflake_conn'
[2025-03-04T00:15:04.938+0000] {logging_mixin.py:190} INFO - [2025-03-04T00:15:04.937+0000] {connection.py:413} INFO - Snowflake Connector for Python Version: 3.12.1, Python Version: 3.12.5, Platform: Linux-5.15.167.4-microsoft-standard-WSL2-x86_64-with-glibc2.36
[2025-03-04T00:15:04.940+0000] {logging_mixin.py:190} INFO - [2025-03-04T00:15:04.940+0000] {connection.py:1196} INFO - Connecting to GLOBAL Snowflake domain
[2025-03-04T00:15:04.942+0000] {logging_mixin.py:190} INFO - [2025-03-04T00:15:04.941+0000] {connection.py:1277} INFO - This connection is in OCSP Fail Open Mode. TLS Certificates would be checked for validity and revocation status. Any other Certificate Revocation related exceptions or OCSP Responder failures would be disregarded in favor of connectivity.
[2025-03-04T00:15:05.356+0000] {processor.py:925} INFO - DAG(s) 'train_predict' retrieved from /opt/airflow/dags/train_predict.py
[2025-03-04T00:15:05.642+0000] {logging_mixin.py:190} INFO - [2025-03-04T00:15:05.641+0000] {dag.py:3229} INFO - Sync 1 DAGs
[2025-03-04T00:15:05.683+0000] {logging_mixin.py:190} INFO - [2025-03-04T00:15:05.683+0000] {dag.py:4156} INFO - Setting next_dagrun for train_predict to 2025-03-04 00:00:00+00:00, run_after=2025-03-05 00:00:00+00:00
[2025-03-04T00:15:05.730+0000] {processor.py:208} INFO - Processing /opt/airflow/dags/train_predict.py took 0.895 seconds
[2025-03-04T00:15:06.564+0000] {processor.py:186} INFO - Started process (PID=7794) to work on /opt/airflow/dags/train_predict.py
[2025-03-04T00:15:06.566+0000] {processor.py:914} INFO - Processing file /opt/airflow/dags/train_predict.py for tasks to queue
[2025-03-04T00:15:06.569+0000] {logging_mixin.py:190} INFO - [2025-03-04T00:15:06.568+0000] {dagbag.py:587} INFO - Filling up the DagBag from /opt/airflow/dags/train_predict.py
[2025-03-04T00:15:06.648+0000] {logging_mixin.py:190} INFO - [2025-03-04T00:15:06.648+0000] {base.py:84} INFO - Retrieving connection 'snowflake_conn'
[2025-03-04T00:15:06.651+0000] {logging_mixin.py:190} INFO - [2025-03-04T00:15:06.650+0000] {connection.py:413} INFO - Snowflake Connector for Python Version: 3.12.1, Python Version: 3.12.5, Platform: Linux-5.15.167.4-microsoft-standard-WSL2-x86_64-with-glibc2.36
[2025-03-04T00:15:06.653+0000] {logging_mixin.py:190} INFO - [2025-03-04T00:15:06.653+0000] {connection.py:1196} INFO - Connecting to GLOBAL Snowflake domain
[2025-03-04T00:15:06.654+0000] {logging_mixin.py:190} INFO - [2025-03-04T00:15:06.654+0000] {connection.py:1277} INFO - This connection is in OCSP Fail Open Mode. TLS Certificates would be checked for validity and revocation status. Any other Certificate Revocation related exceptions or OCSP Responder failures would be disregarded in favor of connectivity.
[2025-03-04T00:15:07.337+0000] {processor.py:925} INFO - DAG(s) 'train_predict' retrieved from /opt/airflow/dags/train_predict.py
[2025-03-04T00:15:07.344+0000] {logging_mixin.py:190} INFO - [2025-03-04T00:15:07.344+0000] {dag.py:3229} INFO - Sync 1 DAGs
[2025-03-04T00:15:07.380+0000] {logging_mixin.py:190} INFO - [2025-03-04T00:15:07.380+0000] {dag.py:4156} INFO - Setting next_dagrun for train_predict to 2025-03-04 00:00:00+00:00, run_after=2025-03-05 00:00:00+00:00
[2025-03-04T00:15:07.426+0000] {processor.py:208} INFO - Processing /opt/airflow/dags/train_predict.py took 0.871 seconds
[2025-03-04T00:15:19.672+0000] {processor.py:186} INFO - Started process (PID=7799) to work on /opt/airflow/dags/train_predict.py
[2025-03-04T00:15:19.674+0000] {processor.py:914} INFO - Processing file /opt/airflow/dags/train_predict.py for tasks to queue
[2025-03-04T00:15:19.677+0000] {logging_mixin.py:190} INFO - [2025-03-04T00:15:19.676+0000] {dagbag.py:587} INFO - Filling up the DagBag from /opt/airflow/dags/train_predict.py
[2025-03-04T00:15:19.772+0000] {logging_mixin.py:190} INFO - [2025-03-04T00:15:19.772+0000] {base.py:84} INFO - Retrieving connection 'snowflake_conn'
[2025-03-04T00:15:19.775+0000] {logging_mixin.py:190} INFO - [2025-03-04T00:15:19.774+0000] {connection.py:413} INFO - Snowflake Connector for Python Version: 3.12.1, Python Version: 3.12.5, Platform: Linux-5.15.167.4-microsoft-standard-WSL2-x86_64-with-glibc2.36
[2025-03-04T00:15:19.777+0000] {logging_mixin.py:190} INFO - [2025-03-04T00:15:19.777+0000] {connection.py:1196} INFO - Connecting to GLOBAL Snowflake domain
[2025-03-04T00:15:19.779+0000] {logging_mixin.py:190} INFO - [2025-03-04T00:15:19.778+0000] {connection.py:1277} INFO - This connection is in OCSP Fail Open Mode. TLS Certificates would be checked for validity and revocation status. Any other Certificate Revocation related exceptions or OCSP Responder failures would be disregarded in favor of connectivity.
[2025-03-04T00:15:20.257+0000] {processor.py:925} INFO - DAG(s) 'train_predict' retrieved from /opt/airflow/dags/train_predict.py
[2025-03-04T00:15:20.267+0000] {logging_mixin.py:190} INFO - [2025-03-04T00:15:20.267+0000] {dag.py:3229} INFO - Sync 1 DAGs
[2025-03-04T00:15:20.322+0000] {logging_mixin.py:190} INFO - [2025-03-04T00:15:20.322+0000] {dag.py:4156} INFO - Setting next_dagrun for train_predict to 2025-03-04 00:00:00+00:00, run_after=2025-03-05 00:00:00+00:00
[2025-03-04T00:15:20.369+0000] {processor.py:208} INFO - Processing /opt/airflow/dags/train_predict.py took 0.709 seconds
[2025-03-04T00:15:50.813+0000] {processor.py:186} INFO - Started process (PID=7815) to work on /opt/airflow/dags/train_predict.py
[2025-03-04T00:15:50.815+0000] {processor.py:914} INFO - Processing file /opt/airflow/dags/train_predict.py for tasks to queue
[2025-03-04T00:15:50.818+0000] {logging_mixin.py:190} INFO - [2025-03-04T00:15:50.818+0000] {dagbag.py:587} INFO - Filling up the DagBag from /opt/airflow/dags/train_predict.py
[2025-03-04T00:15:50.888+0000] {logging_mixin.py:190} INFO - [2025-03-04T00:15:50.887+0000] {base.py:84} INFO - Retrieving connection 'snowflake_conn'
[2025-03-04T00:15:50.890+0000] {logging_mixin.py:190} INFO - [2025-03-04T00:15:50.890+0000] {connection.py:413} INFO - Snowflake Connector for Python Version: 3.12.1, Python Version: 3.12.5, Platform: Linux-5.15.167.4-microsoft-standard-WSL2-x86_64-with-glibc2.36
[2025-03-04T00:15:50.893+0000] {logging_mixin.py:190} INFO - [2025-03-04T00:15:50.893+0000] {connection.py:1196} INFO - Connecting to GLOBAL Snowflake domain
[2025-03-04T00:15:50.895+0000] {logging_mixin.py:190} INFO - [2025-03-04T00:15:50.894+0000] {connection.py:1277} INFO - This connection is in OCSP Fail Open Mode. TLS Certificates would be checked for validity and revocation status. Any other Certificate Revocation related exceptions or OCSP Responder failures would be disregarded in favor of connectivity.
[2025-03-04T00:15:51.398+0000] {processor.py:925} INFO - DAG(s) 'train_predict' retrieved from /opt/airflow/dags/train_predict.py
[2025-03-04T00:15:52.010+0000] {logging_mixin.py:190} INFO - [2025-03-04T00:15:52.010+0000] {dag.py:3229} INFO - Sync 1 DAGs
[2025-03-04T00:15:52.052+0000] {logging_mixin.py:190} INFO - [2025-03-04T00:15:52.051+0000] {dag.py:4156} INFO - Setting next_dagrun for train_predict to 2025-03-04 00:00:00+00:00, run_after=2025-03-05 00:00:00+00:00
[2025-03-04T00:15:52.100+0000] {processor.py:208} INFO - Processing /opt/airflow/dags/train_predict.py took 1.298 seconds
[2025-03-04T00:16:22.574+0000] {processor.py:186} INFO - Started process (PID=7826) to work on /opt/airflow/dags/train_predict.py
[2025-03-04T00:16:22.577+0000] {processor.py:914} INFO - Processing file /opt/airflow/dags/train_predict.py for tasks to queue
[2025-03-04T00:16:22.580+0000] {logging_mixin.py:190} INFO - [2025-03-04T00:16:22.579+0000] {dagbag.py:587} INFO - Filling up the DagBag from /opt/airflow/dags/train_predict.py
[2025-03-04T00:16:22.654+0000] {logging_mixin.py:190} INFO - [2025-03-04T00:16:22.653+0000] {base.py:84} INFO - Retrieving connection 'snowflake_conn'
[2025-03-04T00:16:22.656+0000] {logging_mixin.py:190} INFO - [2025-03-04T00:16:22.656+0000] {connection.py:413} INFO - Snowflake Connector for Python Version: 3.12.1, Python Version: 3.12.5, Platform: Linux-5.15.167.4-microsoft-standard-WSL2-x86_64-with-glibc2.36
[2025-03-04T00:16:22.660+0000] {logging_mixin.py:190} INFO - [2025-03-04T00:16:22.659+0000] {connection.py:1196} INFO - Connecting to GLOBAL Snowflake domain
[2025-03-04T00:16:22.662+0000] {logging_mixin.py:190} INFO - [2025-03-04T00:16:22.661+0000] {connection.py:1277} INFO - This connection is in OCSP Fail Open Mode. TLS Certificates would be checked for validity and revocation status. Any other Certificate Revocation related exceptions or OCSP Responder failures would be disregarded in favor of connectivity.
[2025-03-04T00:16:23.189+0000] {processor.py:925} INFO - DAG(s) 'train_predict' retrieved from /opt/airflow/dags/train_predict.py
[2025-03-04T00:16:23.826+0000] {logging_mixin.py:190} INFO - [2025-03-04T00:16:23.825+0000] {dag.py:3229} INFO - Sync 1 DAGs
[2025-03-04T00:16:23.867+0000] {logging_mixin.py:190} INFO - [2025-03-04T00:16:23.867+0000] {dag.py:4156} INFO - Setting next_dagrun for train_predict to 2025-03-04 00:00:00+00:00, run_after=2025-03-05 00:00:00+00:00
[2025-03-04T00:16:23.909+0000] {processor.py:208} INFO - Processing /opt/airflow/dags/train_predict.py took 1.348 seconds
[2025-03-04T00:16:54.389+0000] {processor.py:186} INFO - Started process (PID=7837) to work on /opt/airflow/dags/train_predict.py
[2025-03-04T00:16:54.392+0000] {processor.py:914} INFO - Processing file /opt/airflow/dags/train_predict.py for tasks to queue
[2025-03-04T00:16:54.396+0000] {logging_mixin.py:190} INFO - [2025-03-04T00:16:54.395+0000] {dagbag.py:587} INFO - Filling up the DagBag from /opt/airflow/dags/train_predict.py
[2025-03-04T00:16:54.465+0000] {logging_mixin.py:190} INFO - [2025-03-04T00:16:54.465+0000] {base.py:84} INFO - Retrieving connection 'snowflake_conn'
[2025-03-04T00:16:54.468+0000] {logging_mixin.py:190} INFO - [2025-03-04T00:16:54.467+0000] {connection.py:413} INFO - Snowflake Connector for Python Version: 3.12.1, Python Version: 3.12.5, Platform: Linux-5.15.167.4-microsoft-standard-WSL2-x86_64-with-glibc2.36
[2025-03-04T00:16:54.470+0000] {logging_mixin.py:190} INFO - [2025-03-04T00:16:54.470+0000] {connection.py:1196} INFO - Connecting to GLOBAL Snowflake domain
[2025-03-04T00:16:54.472+0000] {logging_mixin.py:190} INFO - [2025-03-04T00:16:54.471+0000] {connection.py:1277} INFO - This connection is in OCSP Fail Open Mode. TLS Certificates would be checked for validity and revocation status. Any other Certificate Revocation related exceptions or OCSP Responder failures would be disregarded in favor of connectivity.
[2025-03-04T00:16:55.175+0000] {processor.py:925} INFO - DAG(s) 'train_predict' retrieved from /opt/airflow/dags/train_predict.py
[2025-03-04T00:16:55.731+0000] {logging_mixin.py:190} INFO - [2025-03-04T00:16:55.730+0000] {dag.py:3229} INFO - Sync 1 DAGs
[2025-03-04T00:16:55.770+0000] {logging_mixin.py:190} INFO - [2025-03-04T00:16:55.769+0000] {dag.py:4156} INFO - Setting next_dagrun for train_predict to 2025-03-04 00:00:00+00:00, run_after=2025-03-05 00:00:00+00:00
[2025-03-04T00:16:55.807+0000] {processor.py:208} INFO - Processing /opt/airflow/dags/train_predict.py took 1.431 seconds
[2025-03-04T00:17:26.255+0000] {processor.py:186} INFO - Started process (PID=7853) to work on /opt/airflow/dags/train_predict.py
[2025-03-04T00:17:26.257+0000] {processor.py:914} INFO - Processing file /opt/airflow/dags/train_predict.py for tasks to queue
[2025-03-04T00:17:26.261+0000] {logging_mixin.py:190} INFO - [2025-03-04T00:17:26.260+0000] {dagbag.py:587} INFO - Filling up the DagBag from /opt/airflow/dags/train_predict.py
[2025-03-04T00:17:26.324+0000] {logging_mixin.py:190} INFO - [2025-03-04T00:17:26.323+0000] {base.py:84} INFO - Retrieving connection 'snowflake_conn'
[2025-03-04T00:17:26.326+0000] {logging_mixin.py:190} INFO - [2025-03-04T00:17:26.326+0000] {connection.py:413} INFO - Snowflake Connector for Python Version: 3.12.1, Python Version: 3.12.5, Platform: Linux-5.15.167.4-microsoft-standard-WSL2-x86_64-with-glibc2.36
[2025-03-04T00:17:26.330+0000] {logging_mixin.py:190} INFO - [2025-03-04T00:17:26.329+0000] {connection.py:1196} INFO - Connecting to GLOBAL Snowflake domain
[2025-03-04T00:17:26.331+0000] {logging_mixin.py:190} INFO - [2025-03-04T00:17:26.331+0000] {connection.py:1277} INFO - This connection is in OCSP Fail Open Mode. TLS Certificates would be checked for validity and revocation status. Any other Certificate Revocation related exceptions or OCSP Responder failures would be disregarded in favor of connectivity.
[2025-03-04T00:17:26.806+0000] {processor.py:925} INFO - DAG(s) 'train_predict' retrieved from /opt/airflow/dags/train_predict.py
[2025-03-04T00:17:27.363+0000] {logging_mixin.py:190} INFO - [2025-03-04T00:17:27.362+0000] {dag.py:3229} INFO - Sync 1 DAGs
[2025-03-04T00:17:27.405+0000] {logging_mixin.py:190} INFO - [2025-03-04T00:17:27.405+0000] {dag.py:4156} INFO - Setting next_dagrun for train_predict to 2025-03-04 00:00:00+00:00, run_after=2025-03-05 00:00:00+00:00
[2025-03-04T00:17:27.451+0000] {processor.py:208} INFO - Processing /opt/airflow/dags/train_predict.py took 1.206 seconds
[2025-03-04T00:17:57.648+0000] {processor.py:186} INFO - Started process (PID=7864) to work on /opt/airflow/dags/train_predict.py
[2025-03-04T00:17:57.650+0000] {processor.py:914} INFO - Processing file /opt/airflow/dags/train_predict.py for tasks to queue
[2025-03-04T00:17:57.653+0000] {logging_mixin.py:190} INFO - [2025-03-04T00:17:57.652+0000] {dagbag.py:587} INFO - Filling up the DagBag from /opt/airflow/dags/train_predict.py
[2025-03-04T00:17:57.715+0000] {logging_mixin.py:190} INFO - [2025-03-04T00:17:57.714+0000] {base.py:84} INFO - Retrieving connection 'snowflake_conn'
[2025-03-04T00:17:57.717+0000] {logging_mixin.py:190} INFO - [2025-03-04T00:17:57.717+0000] {connection.py:413} INFO - Snowflake Connector for Python Version: 3.12.1, Python Version: 3.12.5, Platform: Linux-5.15.167.4-microsoft-standard-WSL2-x86_64-with-glibc2.36
[2025-03-04T00:17:57.720+0000] {logging_mixin.py:190} INFO - [2025-03-04T00:17:57.720+0000] {connection.py:1196} INFO - Connecting to GLOBAL Snowflake domain
[2025-03-04T00:17:57.721+0000] {logging_mixin.py:190} INFO - [2025-03-04T00:17:57.721+0000] {connection.py:1277} INFO - This connection is in OCSP Fail Open Mode. TLS Certificates would be checked for validity and revocation status. Any other Certificate Revocation related exceptions or OCSP Responder failures would be disregarded in favor of connectivity.
[2025-03-04T00:17:58.221+0000] {processor.py:925} INFO - DAG(s) 'train_predict' retrieved from /opt/airflow/dags/train_predict.py
[2025-03-04T00:17:58.773+0000] {logging_mixin.py:190} INFO - [2025-03-04T00:17:58.772+0000] {dag.py:3229} INFO - Sync 1 DAGs
[2025-03-04T00:17:58.816+0000] {logging_mixin.py:190} INFO - [2025-03-04T00:17:58.815+0000] {dag.py:4156} INFO - Setting next_dagrun for train_predict to 2025-03-04 00:00:00+00:00, run_after=2025-03-05 00:00:00+00:00
[2025-03-04T00:17:58.861+0000] {processor.py:208} INFO - Processing /opt/airflow/dags/train_predict.py took 1.225 seconds
[2025-03-04T00:18:29.252+0000] {processor.py:186} INFO - Started process (PID=7875) to work on /opt/airflow/dags/train_predict.py
[2025-03-04T00:18:29.254+0000] {processor.py:914} INFO - Processing file /opt/airflow/dags/train_predict.py for tasks to queue
[2025-03-04T00:18:29.257+0000] {logging_mixin.py:190} INFO - [2025-03-04T00:18:29.256+0000] {dagbag.py:587} INFO - Filling up the DagBag from /opt/airflow/dags/train_predict.py
[2025-03-04T00:18:29.312+0000] {logging_mixin.py:190} INFO - [2025-03-04T00:18:29.312+0000] {base.py:84} INFO - Retrieving connection 'snowflake_conn'
[2025-03-04T00:18:29.315+0000] {logging_mixin.py:190} INFO - [2025-03-04T00:18:29.314+0000] {connection.py:413} INFO - Snowflake Connector for Python Version: 3.12.1, Python Version: 3.12.5, Platform: Linux-5.15.167.4-microsoft-standard-WSL2-x86_64-with-glibc2.36
[2025-03-04T00:18:29.318+0000] {logging_mixin.py:190} INFO - [2025-03-04T00:18:29.317+0000] {connection.py:1196} INFO - Connecting to GLOBAL Snowflake domain
[2025-03-04T00:18:29.319+0000] {logging_mixin.py:190} INFO - [2025-03-04T00:18:29.319+0000] {connection.py:1277} INFO - This connection is in OCSP Fail Open Mode. TLS Certificates would be checked for validity and revocation status. Any other Certificate Revocation related exceptions or OCSP Responder failures would be disregarded in favor of connectivity.
[2025-03-04T00:18:29.804+0000] {processor.py:925} INFO - DAG(s) 'train_predict' retrieved from /opt/airflow/dags/train_predict.py
[2025-03-04T00:18:30.269+0000] {logging_mixin.py:190} INFO - [2025-03-04T00:18:30.269+0000] {dag.py:3229} INFO - Sync 1 DAGs
[2025-03-04T00:18:30.313+0000] {logging_mixin.py:190} INFO - [2025-03-04T00:18:30.312+0000] {dag.py:4156} INFO - Setting next_dagrun for train_predict to 2025-03-04 00:00:00+00:00, run_after=2025-03-05 00:00:00+00:00
[2025-03-04T00:18:30.351+0000] {processor.py:208} INFO - Processing /opt/airflow/dags/train_predict.py took 1.110 seconds
[2025-03-04T00:19:00.658+0000] {processor.py:186} INFO - Started process (PID=7886) to work on /opt/airflow/dags/train_predict.py
[2025-03-04T00:19:00.660+0000] {processor.py:914} INFO - Processing file /opt/airflow/dags/train_predict.py for tasks to queue
[2025-03-04T00:19:00.663+0000] {logging_mixin.py:190} INFO - [2025-03-04T00:19:00.662+0000] {dagbag.py:587} INFO - Filling up the DagBag from /opt/airflow/dags/train_predict.py
[2025-03-04T00:19:00.727+0000] {logging_mixin.py:190} INFO - [2025-03-04T00:19:00.726+0000] {base.py:84} INFO - Retrieving connection 'snowflake_conn'
[2025-03-04T00:19:00.729+0000] {logging_mixin.py:190} INFO - [2025-03-04T00:19:00.729+0000] {connection.py:413} INFO - Snowflake Connector for Python Version: 3.12.1, Python Version: 3.12.5, Platform: Linux-5.15.167.4-microsoft-standard-WSL2-x86_64-with-glibc2.36
[2025-03-04T00:19:00.732+0000] {logging_mixin.py:190} INFO - [2025-03-04T00:19:00.731+0000] {connection.py:1196} INFO - Connecting to GLOBAL Snowflake domain
[2025-03-04T00:19:00.733+0000] {logging_mixin.py:190} INFO - [2025-03-04T00:19:00.733+0000] {connection.py:1277} INFO - This connection is in OCSP Fail Open Mode. TLS Certificates would be checked for validity and revocation status. Any other Certificate Revocation related exceptions or OCSP Responder failures would be disregarded in favor of connectivity.
[2025-03-04T00:19:01.249+0000] {processor.py:925} INFO - DAG(s) 'train_predict' retrieved from /opt/airflow/dags/train_predict.py
[2025-03-04T00:19:01.846+0000] {logging_mixin.py:190} INFO - [2025-03-04T00:19:01.846+0000] {dag.py:3229} INFO - Sync 1 DAGs
[2025-03-04T00:19:01.889+0000] {logging_mixin.py:190} INFO - [2025-03-04T00:19:01.889+0000] {dag.py:4156} INFO - Setting next_dagrun for train_predict to 2025-03-04 00:00:00+00:00, run_after=2025-03-05 00:00:00+00:00
[2025-03-04T00:19:01.939+0000] {processor.py:208} INFO - Processing /opt/airflow/dags/train_predict.py took 1.292 seconds
[2025-03-04T00:19:32.225+0000] {processor.py:186} INFO - Started process (PID=7903) to work on /opt/airflow/dags/train_predict.py
[2025-03-04T00:19:32.227+0000] {processor.py:914} INFO - Processing file /opt/airflow/dags/train_predict.py for tasks to queue
[2025-03-04T00:19:32.230+0000] {logging_mixin.py:190} INFO - [2025-03-04T00:19:32.230+0000] {dagbag.py:587} INFO - Filling up the DagBag from /opt/airflow/dags/train_predict.py
[2025-03-04T00:19:32.305+0000] {logging_mixin.py:190} INFO - [2025-03-04T00:19:32.305+0000] {base.py:84} INFO - Retrieving connection 'snowflake_conn'
[2025-03-04T00:19:32.308+0000] {logging_mixin.py:190} INFO - [2025-03-04T00:19:32.308+0000] {connection.py:413} INFO - Snowflake Connector for Python Version: 3.12.1, Python Version: 3.12.5, Platform: Linux-5.15.167.4-microsoft-standard-WSL2-x86_64-with-glibc2.36
[2025-03-04T00:19:32.311+0000] {logging_mixin.py:190} INFO - [2025-03-04T00:19:32.310+0000] {connection.py:1196} INFO - Connecting to GLOBAL Snowflake domain
[2025-03-04T00:19:32.312+0000] {logging_mixin.py:190} INFO - [2025-03-04T00:19:32.312+0000] {connection.py:1277} INFO - This connection is in OCSP Fail Open Mode. TLS Certificates would be checked for validity and revocation status. Any other Certificate Revocation related exceptions or OCSP Responder failures would be disregarded in favor of connectivity.
[2025-03-04T00:19:32.782+0000] {processor.py:925} INFO - DAG(s) 'train_predict' retrieved from /opt/airflow/dags/train_predict.py
[2025-03-04T00:19:33.322+0000] {logging_mixin.py:190} INFO - [2025-03-04T00:19:33.321+0000] {dag.py:3229} INFO - Sync 1 DAGs
[2025-03-04T00:19:33.382+0000] {logging_mixin.py:190} INFO - [2025-03-04T00:19:33.381+0000] {dag.py:4156} INFO - Setting next_dagrun for train_predict to 2025-03-04 00:00:00+00:00, run_after=2025-03-05 00:00:00+00:00
[2025-03-04T00:19:33.439+0000] {processor.py:208} INFO - Processing /opt/airflow/dags/train_predict.py took 1.226 seconds
[2025-03-04T00:20:03.752+0000] {processor.py:186} INFO - Started process (PID=7914) to work on /opt/airflow/dags/train_predict.py
[2025-03-04T00:20:03.754+0000] {processor.py:914} INFO - Processing file /opt/airflow/dags/train_predict.py for tasks to queue
[2025-03-04T00:20:03.758+0000] {logging_mixin.py:190} INFO - [2025-03-04T00:20:03.757+0000] {dagbag.py:587} INFO - Filling up the DagBag from /opt/airflow/dags/train_predict.py
[2025-03-04T00:20:03.826+0000] {logging_mixin.py:190} INFO - [2025-03-04T00:20:03.825+0000] {base.py:84} INFO - Retrieving connection 'snowflake_conn'
[2025-03-04T00:20:03.828+0000] {logging_mixin.py:190} INFO - [2025-03-04T00:20:03.828+0000] {connection.py:413} INFO - Snowflake Connector for Python Version: 3.12.1, Python Version: 3.12.5, Platform: Linux-5.15.167.4-microsoft-standard-WSL2-x86_64-with-glibc2.36
[2025-03-04T00:20:03.831+0000] {logging_mixin.py:190} INFO - [2025-03-04T00:20:03.831+0000] {connection.py:1196} INFO - Connecting to GLOBAL Snowflake domain
[2025-03-04T00:20:03.832+0000] {logging_mixin.py:190} INFO - [2025-03-04T00:20:03.832+0000] {connection.py:1277} INFO - This connection is in OCSP Fail Open Mode. TLS Certificates would be checked for validity and revocation status. Any other Certificate Revocation related exceptions or OCSP Responder failures would be disregarded in favor of connectivity.
[2025-03-04T00:20:04.338+0000] {processor.py:925} INFO - DAG(s) 'train_predict' retrieved from /opt/airflow/dags/train_predict.py
[2025-03-04T00:20:04.830+0000] {logging_mixin.py:190} INFO - [2025-03-04T00:20:04.829+0000] {dag.py:3229} INFO - Sync 1 DAGs
[2025-03-04T00:20:04.868+0000] {logging_mixin.py:190} INFO - [2025-03-04T00:20:04.868+0000] {dag.py:4156} INFO - Setting next_dagrun for train_predict to 2025-03-04 00:00:00+00:00, run_after=2025-03-05 00:00:00+00:00
[2025-03-04T00:20:04.907+0000] {processor.py:208} INFO - Processing /opt/airflow/dags/train_predict.py took 1.164 seconds
[2025-03-04T00:20:35.277+0000] {processor.py:186} INFO - Started process (PID=7925) to work on /opt/airflow/dags/train_predict.py
[2025-03-04T00:20:35.279+0000] {processor.py:914} INFO - Processing file /opt/airflow/dags/train_predict.py for tasks to queue
[2025-03-04T00:20:35.282+0000] {logging_mixin.py:190} INFO - [2025-03-04T00:20:35.281+0000] {dagbag.py:587} INFO - Filling up the DagBag from /opt/airflow/dags/train_predict.py
[2025-03-04T00:20:35.345+0000] {logging_mixin.py:190} INFO - [2025-03-04T00:20:35.345+0000] {base.py:84} INFO - Retrieving connection 'snowflake_conn'
[2025-03-04T00:20:35.348+0000] {logging_mixin.py:190} INFO - [2025-03-04T00:20:35.348+0000] {connection.py:413} INFO - Snowflake Connector for Python Version: 3.12.1, Python Version: 3.12.5, Platform: Linux-5.15.167.4-microsoft-standard-WSL2-x86_64-with-glibc2.36
[2025-03-04T00:20:35.351+0000] {logging_mixin.py:190} INFO - [2025-03-04T00:20:35.350+0000] {connection.py:1196} INFO - Connecting to GLOBAL Snowflake domain
[2025-03-04T00:20:35.352+0000] {logging_mixin.py:190} INFO - [2025-03-04T00:20:35.352+0000] {connection.py:1277} INFO - This connection is in OCSP Fail Open Mode. TLS Certificates would be checked for validity and revocation status. Any other Certificate Revocation related exceptions or OCSP Responder failures would be disregarded in favor of connectivity.
[2025-03-04T00:20:35.871+0000] {processor.py:925} INFO - DAG(s) 'train_predict' retrieved from /opt/airflow/dags/train_predict.py
[2025-03-04T00:20:36.452+0000] {logging_mixin.py:190} INFO - [2025-03-04T00:20:36.451+0000] {dag.py:3229} INFO - Sync 1 DAGs
[2025-03-04T00:20:36.495+0000] {logging_mixin.py:190} INFO - [2025-03-04T00:20:36.495+0000] {dag.py:4156} INFO - Setting next_dagrun for train_predict to 2025-03-04 00:00:00+00:00, run_after=2025-03-05 00:00:00+00:00
[2025-03-04T00:20:36.537+0000] {processor.py:208} INFO - Processing /opt/airflow/dags/train_predict.py took 1.274 seconds
[2025-03-04T00:21:06.720+0000] {processor.py:186} INFO - Started process (PID=7936) to work on /opt/airflow/dags/train_predict.py
[2025-03-04T00:21:06.722+0000] {processor.py:914} INFO - Processing file /opt/airflow/dags/train_predict.py for tasks to queue
[2025-03-04T00:21:06.724+0000] {logging_mixin.py:190} INFO - [2025-03-04T00:21:06.724+0000] {dagbag.py:587} INFO - Filling up the DagBag from /opt/airflow/dags/train_predict.py
[2025-03-04T00:21:06.788+0000] {logging_mixin.py:190} INFO - [2025-03-04T00:21:06.787+0000] {base.py:84} INFO - Retrieving connection 'snowflake_conn'
[2025-03-04T00:21:06.790+0000] {logging_mixin.py:190} INFO - [2025-03-04T00:21:06.790+0000] {connection.py:413} INFO - Snowflake Connector for Python Version: 3.12.1, Python Version: 3.12.5, Platform: Linux-5.15.167.4-microsoft-standard-WSL2-x86_64-with-glibc2.36
[2025-03-04T00:21:06.793+0000] {logging_mixin.py:190} INFO - [2025-03-04T00:21:06.792+0000] {connection.py:1196} INFO - Connecting to GLOBAL Snowflake domain
[2025-03-04T00:21:06.794+0000] {logging_mixin.py:190} INFO - [2025-03-04T00:21:06.794+0000] {connection.py:1277} INFO - This connection is in OCSP Fail Open Mode. TLS Certificates would be checked for validity and revocation status. Any other Certificate Revocation related exceptions or OCSP Responder failures would be disregarded in favor of connectivity.
[2025-03-04T00:21:07.246+0000] {processor.py:925} INFO - DAG(s) 'train_predict' retrieved from /opt/airflow/dags/train_predict.py
[2025-03-04T00:21:07.717+0000] {logging_mixin.py:190} INFO - [2025-03-04T00:21:07.716+0000] {dag.py:3229} INFO - Sync 1 DAGs
[2025-03-04T00:21:07.760+0000] {logging_mixin.py:190} INFO - [2025-03-04T00:21:07.760+0000] {dag.py:4156} INFO - Setting next_dagrun for train_predict to 2025-03-04 00:00:00+00:00, run_after=2025-03-05 00:00:00+00:00
[2025-03-04T00:21:07.798+0000] {processor.py:208} INFO - Processing /opt/airflow/dags/train_predict.py took 1.088 seconds
[2025-03-04T00:21:38.134+0000] {processor.py:186} INFO - Started process (PID=7947) to work on /opt/airflow/dags/train_predict.py
[2025-03-04T00:21:38.136+0000] {processor.py:914} INFO - Processing file /opt/airflow/dags/train_predict.py for tasks to queue
[2025-03-04T00:21:38.140+0000] {logging_mixin.py:190} INFO - [2025-03-04T00:21:38.139+0000] {dagbag.py:587} INFO - Filling up the DagBag from /opt/airflow/dags/train_predict.py
[2025-03-04T00:21:38.202+0000] {logging_mixin.py:190} INFO - [2025-03-04T00:21:38.201+0000] {base.py:84} INFO - Retrieving connection 'snowflake_conn'
[2025-03-04T00:21:38.204+0000] {logging_mixin.py:190} INFO - [2025-03-04T00:21:38.204+0000] {connection.py:413} INFO - Snowflake Connector for Python Version: 3.12.1, Python Version: 3.12.5, Platform: Linux-5.15.167.4-microsoft-standard-WSL2-x86_64-with-glibc2.36
[2025-03-04T00:21:38.207+0000] {logging_mixin.py:190} INFO - [2025-03-04T00:21:38.207+0000] {connection.py:1196} INFO - Connecting to GLOBAL Snowflake domain
[2025-03-04T00:21:38.208+0000] {logging_mixin.py:190} INFO - [2025-03-04T00:21:38.208+0000] {connection.py:1277} INFO - This connection is in OCSP Fail Open Mode. TLS Certificates would be checked for validity and revocation status. Any other Certificate Revocation related exceptions or OCSP Responder failures would be disregarded in favor of connectivity.
[2025-03-04T00:21:38.725+0000] {processor.py:925} INFO - DAG(s) 'train_predict' retrieved from /opt/airflow/dags/train_predict.py
[2025-03-04T00:21:39.337+0000] {logging_mixin.py:190} INFO - [2025-03-04T00:21:39.336+0000] {dag.py:3229} INFO - Sync 1 DAGs
[2025-03-04T00:21:39.384+0000] {logging_mixin.py:190} INFO - [2025-03-04T00:21:39.383+0000] {dag.py:4156} INFO - Setting next_dagrun for train_predict to 2025-03-04 00:00:00+00:00, run_after=2025-03-05 00:00:00+00:00
[2025-03-04T00:21:39.430+0000] {processor.py:208} INFO - Processing /opt/airflow/dags/train_predict.py took 1.309 seconds
[2025-03-04T00:22:09.632+0000] {processor.py:186} INFO - Started process (PID=7959) to work on /opt/airflow/dags/train_predict.py
[2025-03-04T00:22:09.634+0000] {processor.py:914} INFO - Processing file /opt/airflow/dags/train_predict.py for tasks to queue
[2025-03-04T00:22:09.637+0000] {logging_mixin.py:190} INFO - [2025-03-04T00:22:09.637+0000] {dagbag.py:587} INFO - Filling up the DagBag from /opt/airflow/dags/train_predict.py
[2025-03-04T00:22:09.710+0000] {logging_mixin.py:190} INFO - [2025-03-04T00:22:09.709+0000] {base.py:84} INFO - Retrieving connection 'snowflake_conn'
[2025-03-04T00:22:09.712+0000] {logging_mixin.py:190} INFO - [2025-03-04T00:22:09.712+0000] {connection.py:413} INFO - Snowflake Connector for Python Version: 3.12.1, Python Version: 3.12.5, Platform: Linux-5.15.167.4-microsoft-standard-WSL2-x86_64-with-glibc2.36
[2025-03-04T00:22:09.716+0000] {logging_mixin.py:190} INFO - [2025-03-04T00:22:09.716+0000] {connection.py:1196} INFO - Connecting to GLOBAL Snowflake domain
[2025-03-04T00:22:09.717+0000] {logging_mixin.py:190} INFO - [2025-03-04T00:22:09.717+0000] {connection.py:1277} INFO - This connection is in OCSP Fail Open Mode. TLS Certificates would be checked for validity and revocation status. Any other Certificate Revocation related exceptions or OCSP Responder failures would be disregarded in favor of connectivity.
[2025-03-04T00:22:10.158+0000] {processor.py:925} INFO - DAG(s) 'train_predict' retrieved from /opt/airflow/dags/train_predict.py
[2025-03-04T00:22:10.193+0000] {logging_mixin.py:190} INFO - [2025-03-04T00:22:10.193+0000] {dag.py:3229} INFO - Sync 1 DAGs
[2025-03-04T00:22:10.237+0000] {logging_mixin.py:190} INFO - [2025-03-04T00:22:10.237+0000] {dag.py:4156} INFO - Setting next_dagrun for train_predict to 2025-03-04 00:00:00+00:00, run_after=2025-03-05 00:00:00+00:00
[2025-03-04T00:22:10.285+0000] {processor.py:208} INFO - Processing /opt/airflow/dags/train_predict.py took 0.663 seconds
[2025-03-04T00:22:40.757+0000] {processor.py:186} INFO - Started process (PID=7971) to work on /opt/airflow/dags/train_predict.py
[2025-03-04T00:22:40.759+0000] {processor.py:914} INFO - Processing file /opt/airflow/dags/train_predict.py for tasks to queue
[2025-03-04T00:22:40.762+0000] {logging_mixin.py:190} INFO - [2025-03-04T00:22:40.762+0000] {dagbag.py:587} INFO - Filling up the DagBag from /opt/airflow/dags/train_predict.py
[2025-03-04T00:22:40.825+0000] {logging_mixin.py:190} INFO - [2025-03-04T00:22:40.824+0000] {base.py:84} INFO - Retrieving connection 'snowflake_conn'
[2025-03-04T00:22:40.828+0000] {logging_mixin.py:190} INFO - [2025-03-04T00:22:40.828+0000] {connection.py:413} INFO - Snowflake Connector for Python Version: 3.12.1, Python Version: 3.12.5, Platform: Linux-5.15.167.4-microsoft-standard-WSL2-x86_64-with-glibc2.36
[2025-03-04T00:22:40.831+0000] {logging_mixin.py:190} INFO - [2025-03-04T00:22:40.830+0000] {connection.py:1196} INFO - Connecting to GLOBAL Snowflake domain
[2025-03-04T00:22:40.832+0000] {logging_mixin.py:190} INFO - [2025-03-04T00:22:40.832+0000] {connection.py:1277} INFO - This connection is in OCSP Fail Open Mode. TLS Certificates would be checked for validity and revocation status. Any other Certificate Revocation related exceptions or OCSP Responder failures would be disregarded in favor of connectivity.
[2025-03-04T00:22:41.280+0000] {processor.py:925} INFO - DAG(s) 'train_predict' retrieved from /opt/airflow/dags/train_predict.py
[2025-03-04T00:22:41.982+0000] {logging_mixin.py:190} INFO - [2025-03-04T00:22:41.981+0000] {dag.py:3229} INFO - Sync 1 DAGs
[2025-03-04T00:22:42.029+0000] {logging_mixin.py:190} INFO - [2025-03-04T00:22:42.028+0000] {dag.py:4156} INFO - Setting next_dagrun for train_predict to 2025-03-04 00:00:00+00:00, run_after=2025-03-05 00:00:00+00:00
[2025-03-04T00:22:42.079+0000] {processor.py:208} INFO - Processing /opt/airflow/dags/train_predict.py took 1.334 seconds
[2025-03-04T00:23:12.545+0000] {processor.py:186} INFO - Started process (PID=7982) to work on /opt/airflow/dags/train_predict.py
[2025-03-04T00:23:12.547+0000] {processor.py:914} INFO - Processing file /opt/airflow/dags/train_predict.py for tasks to queue
[2025-03-04T00:23:12.550+0000] {logging_mixin.py:190} INFO - [2025-03-04T00:23:12.550+0000] {dagbag.py:587} INFO - Filling up the DagBag from /opt/airflow/dags/train_predict.py
[2025-03-04T00:23:12.620+0000] {logging_mixin.py:190} INFO - [2025-03-04T00:23:12.619+0000] {base.py:84} INFO - Retrieving connection 'snowflake_conn'
[2025-03-04T00:23:12.623+0000] {logging_mixin.py:190} INFO - [2025-03-04T00:23:12.623+0000] {connection.py:413} INFO - Snowflake Connector for Python Version: 3.12.1, Python Version: 3.12.5, Platform: Linux-5.15.167.4-microsoft-standard-WSL2-x86_64-with-glibc2.36
[2025-03-04T00:23:12.627+0000] {logging_mixin.py:190} INFO - [2025-03-04T00:23:12.626+0000] {connection.py:1196} INFO - Connecting to GLOBAL Snowflake domain
[2025-03-04T00:23:12.628+0000] {logging_mixin.py:190} INFO - [2025-03-04T00:23:12.628+0000] {connection.py:1277} INFO - This connection is in OCSP Fail Open Mode. TLS Certificates would be checked for validity and revocation status. Any other Certificate Revocation related exceptions or OCSP Responder failures would be disregarded in favor of connectivity.
[2025-03-04T00:23:13.066+0000] {processor.py:925} INFO - DAG(s) 'train_predict' retrieved from /opt/airflow/dags/train_predict.py
[2025-03-04T00:23:13.852+0000] {logging_mixin.py:190} INFO - [2025-03-04T00:23:13.851+0000] {dag.py:3229} INFO - Sync 1 DAGs
[2025-03-04T00:23:13.909+0000] {logging_mixin.py:190} INFO - [2025-03-04T00:23:13.908+0000] {dag.py:4156} INFO - Setting next_dagrun for train_predict to 2025-03-04 00:00:00+00:00, run_after=2025-03-05 00:00:00+00:00
[2025-03-04T00:23:13.962+0000] {processor.py:208} INFO - Processing /opt/airflow/dags/train_predict.py took 1.429 seconds
[2025-03-04T00:23:44.435+0000] {processor.py:186} INFO - Started process (PID=7993) to work on /opt/airflow/dags/train_predict.py
[2025-03-04T00:23:44.437+0000] {processor.py:914} INFO - Processing file /opt/airflow/dags/train_predict.py for tasks to queue
[2025-03-04T00:23:44.440+0000] {logging_mixin.py:190} INFO - [2025-03-04T00:23:44.439+0000] {dagbag.py:587} INFO - Filling up the DagBag from /opt/airflow/dags/train_predict.py
[2025-03-04T00:23:44.499+0000] {logging_mixin.py:190} INFO - [2025-03-04T00:23:44.498+0000] {base.py:84} INFO - Retrieving connection 'snowflake_conn'
[2025-03-04T00:23:44.501+0000] {logging_mixin.py:190} INFO - [2025-03-04T00:23:44.501+0000] {connection.py:413} INFO - Snowflake Connector for Python Version: 3.12.1, Python Version: 3.12.5, Platform: Linux-5.15.167.4-microsoft-standard-WSL2-x86_64-with-glibc2.36
[2025-03-04T00:23:44.504+0000] {logging_mixin.py:190} INFO - [2025-03-04T00:23:44.503+0000] {connection.py:1196} INFO - Connecting to GLOBAL Snowflake domain
[2025-03-04T00:23:44.505+0000] {logging_mixin.py:190} INFO - [2025-03-04T00:23:44.504+0000] {connection.py:1277} INFO - This connection is in OCSP Fail Open Mode. TLS Certificates would be checked for validity and revocation status. Any other Certificate Revocation related exceptions or OCSP Responder failures would be disregarded in favor of connectivity.
[2025-03-04T00:23:45.192+0000] {processor.py:925} INFO - DAG(s) 'train_predict' retrieved from /opt/airflow/dags/train_predict.py
[2025-03-04T00:23:45.421+0000] {logging_mixin.py:190} INFO - [2025-03-04T00:23:45.421+0000] {dag.py:3229} INFO - Sync 1 DAGs
[2025-03-04T00:23:45.468+0000] {logging_mixin.py:190} INFO - [2025-03-04T00:23:45.468+0000] {dag.py:4156} INFO - Setting next_dagrun for train_predict to 2025-03-04 00:00:00+00:00, run_after=2025-03-05 00:00:00+00:00
[2025-03-04T00:23:45.510+0000] {processor.py:208} INFO - Processing /opt/airflow/dags/train_predict.py took 1.086 seconds
[2025-03-04T00:24:15.877+0000] {processor.py:186} INFO - Started process (PID=8004) to work on /opt/airflow/dags/train_predict.py
[2025-03-04T00:24:15.879+0000] {processor.py:914} INFO - Processing file /opt/airflow/dags/train_predict.py for tasks to queue
[2025-03-04T00:24:15.882+0000] {logging_mixin.py:190} INFO - [2025-03-04T00:24:15.881+0000] {dagbag.py:587} INFO - Filling up the DagBag from /opt/airflow/dags/train_predict.py
[2025-03-04T00:24:15.953+0000] {logging_mixin.py:190} INFO - [2025-03-04T00:24:15.953+0000] {base.py:84} INFO - Retrieving connection 'snowflake_conn'
[2025-03-04T00:24:15.956+0000] {logging_mixin.py:190} INFO - [2025-03-04T00:24:15.956+0000] {connection.py:413} INFO - Snowflake Connector for Python Version: 3.12.1, Python Version: 3.12.5, Platform: Linux-5.15.167.4-microsoft-standard-WSL2-x86_64-with-glibc2.36
[2025-03-04T00:24:15.959+0000] {logging_mixin.py:190} INFO - [2025-03-04T00:24:15.959+0000] {connection.py:1196} INFO - Connecting to GLOBAL Snowflake domain
[2025-03-04T00:24:15.961+0000] {logging_mixin.py:190} INFO - [2025-03-04T00:24:15.961+0000] {connection.py:1277} INFO - This connection is in OCSP Fail Open Mode. TLS Certificates would be checked for validity and revocation status. Any other Certificate Revocation related exceptions or OCSP Responder failures would be disregarded in favor of connectivity.
[2025-03-04T00:24:16.439+0000] {processor.py:925} INFO - DAG(s) 'train_predict' retrieved from /opt/airflow/dags/train_predict.py
[2025-03-04T00:24:17.028+0000] {logging_mixin.py:190} INFO - [2025-03-04T00:24:17.027+0000] {dag.py:3229} INFO - Sync 1 DAGs
[2025-03-04T00:24:17.064+0000] {logging_mixin.py:190} INFO - [2025-03-04T00:24:17.063+0000] {dag.py:4156} INFO - Setting next_dagrun for train_predict to 2025-03-04 00:00:00+00:00, run_after=2025-03-05 00:00:00+00:00
[2025-03-04T00:24:17.107+0000] {processor.py:208} INFO - Processing /opt/airflow/dags/train_predict.py took 1.243 seconds
[2025-03-04T00:24:47.455+0000] {processor.py:186} INFO - Started process (PID=8015) to work on /opt/airflow/dags/train_predict.py
[2025-03-04T00:24:47.458+0000] {processor.py:914} INFO - Processing file /opt/airflow/dags/train_predict.py for tasks to queue
[2025-03-04T00:24:47.461+0000] {logging_mixin.py:190} INFO - [2025-03-04T00:24:47.460+0000] {dagbag.py:587} INFO - Filling up the DagBag from /opt/airflow/dags/train_predict.py
[2025-03-04T00:24:47.527+0000] {logging_mixin.py:190} INFO - [2025-03-04T00:24:47.526+0000] {base.py:84} INFO - Retrieving connection 'snowflake_conn'
[2025-03-04T00:24:47.530+0000] {logging_mixin.py:190} INFO - [2025-03-04T00:24:47.529+0000] {connection.py:413} INFO - Snowflake Connector for Python Version: 3.12.1, Python Version: 3.12.5, Platform: Linux-5.15.167.4-microsoft-standard-WSL2-x86_64-with-glibc2.36
[2025-03-04T00:24:47.535+0000] {logging_mixin.py:190} INFO - [2025-03-04T00:24:47.534+0000] {connection.py:1196} INFO - Connecting to GLOBAL Snowflake domain
[2025-03-04T00:24:47.536+0000] {logging_mixin.py:190} INFO - [2025-03-04T00:24:47.536+0000] {connection.py:1277} INFO - This connection is in OCSP Fail Open Mode. TLS Certificates would be checked for validity and revocation status. Any other Certificate Revocation related exceptions or OCSP Responder failures would be disregarded in favor of connectivity.
[2025-03-04T00:24:47.950+0000] {processor.py:925} INFO - DAG(s) 'train_predict' retrieved from /opt/airflow/dags/train_predict.py
[2025-03-04T00:24:48.468+0000] {logging_mixin.py:190} INFO - [2025-03-04T00:24:48.467+0000] {dag.py:3229} INFO - Sync 1 DAGs
[2025-03-04T00:24:48.513+0000] {logging_mixin.py:190} INFO - [2025-03-04T00:24:48.513+0000] {dag.py:4156} INFO - Setting next_dagrun for train_predict to 2025-03-04 00:00:00+00:00, run_after=2025-03-05 00:00:00+00:00
[2025-03-04T00:24:48.557+0000] {processor.py:208} INFO - Processing /opt/airflow/dags/train_predict.py took 1.114 seconds
[2025-03-04T00:25:18.933+0000] {processor.py:186} INFO - Started process (PID=8026) to work on /opt/airflow/dags/train_predict.py
[2025-03-04T00:25:18.936+0000] {processor.py:914} INFO - Processing file /opt/airflow/dags/train_predict.py for tasks to queue
[2025-03-04T00:25:18.939+0000] {logging_mixin.py:190} INFO - [2025-03-04T00:25:18.938+0000] {dagbag.py:587} INFO - Filling up the DagBag from /opt/airflow/dags/train_predict.py
[2025-03-04T00:25:18.999+0000] {logging_mixin.py:190} INFO - [2025-03-04T00:25:18.999+0000] {base.py:84} INFO - Retrieving connection 'snowflake_conn'
[2025-03-04T00:25:19.002+0000] {logging_mixin.py:190} INFO - [2025-03-04T00:25:19.001+0000] {connection.py:413} INFO - Snowflake Connector for Python Version: 3.12.1, Python Version: 3.12.5, Platform: Linux-5.15.167.4-microsoft-standard-WSL2-x86_64-with-glibc2.36
[2025-03-04T00:25:19.005+0000] {logging_mixin.py:190} INFO - [2025-03-04T00:25:19.004+0000] {connection.py:1196} INFO - Connecting to GLOBAL Snowflake domain
[2025-03-04T00:25:19.006+0000] {logging_mixin.py:190} INFO - [2025-03-04T00:25:19.006+0000] {connection.py:1277} INFO - This connection is in OCSP Fail Open Mode. TLS Certificates would be checked for validity and revocation status. Any other Certificate Revocation related exceptions or OCSP Responder failures would be disregarded in favor of connectivity.
[2025-03-04T00:25:19.482+0000] {processor.py:925} INFO - DAG(s) 'train_predict' retrieved from /opt/airflow/dags/train_predict.py
[2025-03-04T00:25:19.978+0000] {logging_mixin.py:190} INFO - [2025-03-04T00:25:19.978+0000] {dag.py:3229} INFO - Sync 1 DAGs
[2025-03-04T00:25:20.020+0000] {logging_mixin.py:190} INFO - [2025-03-04T00:25:20.019+0000] {dag.py:4156} INFO - Setting next_dagrun for train_predict to 2025-03-04 00:00:00+00:00, run_after=2025-03-05 00:00:00+00:00
[2025-03-04T00:25:20.064+0000] {processor.py:208} INFO - Processing /opt/airflow/dags/train_predict.py took 1.145 seconds
[2025-03-04T00:25:50.401+0000] {processor.py:186} INFO - Started process (PID=8037) to work on /opt/airflow/dags/train_predict.py
[2025-03-04T00:25:50.404+0000] {processor.py:914} INFO - Processing file /opt/airflow/dags/train_predict.py for tasks to queue
[2025-03-04T00:25:50.407+0000] {logging_mixin.py:190} INFO - [2025-03-04T00:25:50.407+0000] {dagbag.py:587} INFO - Filling up the DagBag from /opt/airflow/dags/train_predict.py
[2025-03-04T00:25:50.474+0000] {logging_mixin.py:190} INFO - [2025-03-04T00:25:50.474+0000] {base.py:84} INFO - Retrieving connection 'snowflake_conn'
[2025-03-04T00:25:50.477+0000] {logging_mixin.py:190} INFO - [2025-03-04T00:25:50.477+0000] {connection.py:413} INFO - Snowflake Connector for Python Version: 3.12.1, Python Version: 3.12.5, Platform: Linux-5.15.167.4-microsoft-standard-WSL2-x86_64-with-glibc2.36
[2025-03-04T00:25:50.478+0000] {logging_mixin.py:190} INFO - [2025-03-04T00:25:50.478+0000] {connection.py:1196} INFO - Connecting to GLOBAL Snowflake domain
[2025-03-04T00:25:50.480+0000] {logging_mixin.py:190} INFO - [2025-03-04T00:25:50.479+0000] {connection.py:1277} INFO - This connection is in OCSP Fail Open Mode. TLS Certificates would be checked for validity and revocation status. Any other Certificate Revocation related exceptions or OCSP Responder failures would be disregarded in favor of connectivity.
[2025-03-04T00:25:51.292+0000] {processor.py:925} INFO - DAG(s) 'train_predict' retrieved from /opt/airflow/dags/train_predict.py
[2025-03-04T00:25:51.506+0000] {logging_mixin.py:190} INFO - [2025-03-04T00:25:51.506+0000] {dag.py:3229} INFO - Sync 1 DAGs
[2025-03-04T00:25:51.552+0000] {logging_mixin.py:190} INFO - [2025-03-04T00:25:51.552+0000] {dag.py:4156} INFO - Setting next_dagrun for train_predict to 2025-03-04 00:00:00+00:00, run_after=2025-03-05 00:00:00+00:00
[2025-03-04T00:25:51.592+0000] {processor.py:208} INFO - Processing /opt/airflow/dags/train_predict.py took 1.204 seconds
[2025-03-04T00:26:21.879+0000] {processor.py:186} INFO - Started process (PID=8048) to work on /opt/airflow/dags/train_predict.py
[2025-03-04T00:26:21.881+0000] {processor.py:914} INFO - Processing file /opt/airflow/dags/train_predict.py for tasks to queue
[2025-03-04T00:26:21.883+0000] {logging_mixin.py:190} INFO - [2025-03-04T00:26:21.883+0000] {dagbag.py:587} INFO - Filling up the DagBag from /opt/airflow/dags/train_predict.py
[2025-03-04T00:26:21.938+0000] {logging_mixin.py:190} INFO - [2025-03-04T00:26:21.937+0000] {base.py:84} INFO - Retrieving connection 'snowflake_conn'
[2025-03-04T00:26:21.940+0000] {logging_mixin.py:190} INFO - [2025-03-04T00:26:21.940+0000] {connection.py:413} INFO - Snowflake Connector for Python Version: 3.12.1, Python Version: 3.12.5, Platform: Linux-5.15.167.4-microsoft-standard-WSL2-x86_64-with-glibc2.36
[2025-03-04T00:26:21.943+0000] {logging_mixin.py:190} INFO - [2025-03-04T00:26:21.942+0000] {connection.py:1196} INFO - Connecting to GLOBAL Snowflake domain
[2025-03-04T00:26:21.944+0000] {logging_mixin.py:190} INFO - [2025-03-04T00:26:21.944+0000] {connection.py:1277} INFO - This connection is in OCSP Fail Open Mode. TLS Certificates would be checked for validity and revocation status. Any other Certificate Revocation related exceptions or OCSP Responder failures would be disregarded in favor of connectivity.
[2025-03-04T00:26:22.400+0000] {processor.py:925} INFO - DAG(s) 'train_predict' retrieved from /opt/airflow/dags/train_predict.py
[2025-03-04T00:26:22.905+0000] {logging_mixin.py:190} INFO - [2025-03-04T00:26:22.905+0000] {dag.py:3229} INFO - Sync 1 DAGs
[2025-03-04T00:26:22.945+0000] {logging_mixin.py:190} INFO - [2025-03-04T00:26:22.945+0000] {dag.py:4156} INFO - Setting next_dagrun for train_predict to 2025-03-04 00:00:00+00:00, run_after=2025-03-05 00:00:00+00:00
[2025-03-04T00:26:22.985+0000] {processor.py:208} INFO - Processing /opt/airflow/dags/train_predict.py took 1.116 seconds
[2025-03-04T00:26:53.395+0000] {processor.py:186} INFO - Started process (PID=8059) to work on /opt/airflow/dags/train_predict.py
[2025-03-04T00:26:53.397+0000] {processor.py:914} INFO - Processing file /opt/airflow/dags/train_predict.py for tasks to queue
[2025-03-04T00:26:53.400+0000] {logging_mixin.py:190} INFO - [2025-03-04T00:26:53.400+0000] {dagbag.py:587} INFO - Filling up the DagBag from /opt/airflow/dags/train_predict.py
[2025-03-04T00:26:53.460+0000] {logging_mixin.py:190} INFO - [2025-03-04T00:26:53.460+0000] {base.py:84} INFO - Retrieving connection 'snowflake_conn'
[2025-03-04T00:26:53.463+0000] {logging_mixin.py:190} INFO - [2025-03-04T00:26:53.462+0000] {connection.py:413} INFO - Snowflake Connector for Python Version: 3.12.1, Python Version: 3.12.5, Platform: Linux-5.15.167.4-microsoft-standard-WSL2-x86_64-with-glibc2.36
[2025-03-04T00:26:53.466+0000] {logging_mixin.py:190} INFO - [2025-03-04T00:26:53.465+0000] {connection.py:1196} INFO - Connecting to GLOBAL Snowflake domain
[2025-03-04T00:26:53.467+0000] {logging_mixin.py:190} INFO - [2025-03-04T00:26:53.467+0000] {connection.py:1277} INFO - This connection is in OCSP Fail Open Mode. TLS Certificates would be checked for validity and revocation status. Any other Certificate Revocation related exceptions or OCSP Responder failures would be disregarded in favor of connectivity.
[2025-03-04T00:26:54.085+0000] {processor.py:925} INFO - DAG(s) 'train_predict' retrieved from /opt/airflow/dags/train_predict.py
[2025-03-04T00:26:54.597+0000] {logging_mixin.py:190} INFO - [2025-03-04T00:26:54.596+0000] {dag.py:3229} INFO - Sync 1 DAGs
[2025-03-04T00:26:54.643+0000] {logging_mixin.py:190} INFO - [2025-03-04T00:26:54.643+0000] {dag.py:4156} INFO - Setting next_dagrun for train_predict to 2025-03-04 00:00:00+00:00, run_after=2025-03-05 00:00:00+00:00
[2025-03-04T00:26:54.683+0000] {processor.py:208} INFO - Processing /opt/airflow/dags/train_predict.py took 1.299 seconds
[2025-03-04T00:27:25.119+0000] {processor.py:186} INFO - Started process (PID=8070) to work on /opt/airflow/dags/train_predict.py
[2025-03-04T00:27:25.120+0000] {processor.py:914} INFO - Processing file /opt/airflow/dags/train_predict.py for tasks to queue
[2025-03-04T00:27:25.123+0000] {logging_mixin.py:190} INFO - [2025-03-04T00:27:25.122+0000] {dagbag.py:587} INFO - Filling up the DagBag from /opt/airflow/dags/train_predict.py
[2025-03-04T00:27:25.181+0000] {logging_mixin.py:190} INFO - [2025-03-04T00:27:25.180+0000] {base.py:84} INFO - Retrieving connection 'snowflake_conn'
[2025-03-04T00:27:25.183+0000] {logging_mixin.py:190} INFO - [2025-03-04T00:27:25.183+0000] {connection.py:413} INFO - Snowflake Connector for Python Version: 3.12.1, Python Version: 3.12.5, Platform: Linux-5.15.167.4-microsoft-standard-WSL2-x86_64-with-glibc2.36
[2025-03-04T00:27:25.186+0000] {logging_mixin.py:190} INFO - [2025-03-04T00:27:25.185+0000] {connection.py:1196} INFO - Connecting to GLOBAL Snowflake domain
[2025-03-04T00:27:25.187+0000] {logging_mixin.py:190} INFO - [2025-03-04T00:27:25.186+0000] {connection.py:1277} INFO - This connection is in OCSP Fail Open Mode. TLS Certificates would be checked for validity and revocation status. Any other Certificate Revocation related exceptions or OCSP Responder failures would be disregarded in favor of connectivity.
[2025-03-04T00:27:25.621+0000] {processor.py:925} INFO - DAG(s) 'train_predict' retrieved from /opt/airflow/dags/train_predict.py
[2025-03-04T00:27:26.136+0000] {logging_mixin.py:190} INFO - [2025-03-04T00:27:26.136+0000] {dag.py:3229} INFO - Sync 1 DAGs
[2025-03-04T00:27:26.175+0000] {logging_mixin.py:190} INFO - [2025-03-04T00:27:26.174+0000] {dag.py:4156} INFO - Setting next_dagrun for train_predict to 2025-03-04 00:00:00+00:00, run_after=2025-03-05 00:00:00+00:00
[2025-03-04T00:27:26.217+0000] {processor.py:208} INFO - Processing /opt/airflow/dags/train_predict.py took 1.108 seconds
[2025-03-04T00:27:56.502+0000] {processor.py:186} INFO - Started process (PID=8081) to work on /opt/airflow/dags/train_predict.py
[2025-03-04T00:27:56.505+0000] {processor.py:914} INFO - Processing file /opt/airflow/dags/train_predict.py for tasks to queue
[2025-03-04T00:27:56.508+0000] {logging_mixin.py:190} INFO - [2025-03-04T00:27:56.508+0000] {dagbag.py:587} INFO - Filling up the DagBag from /opt/airflow/dags/train_predict.py
[2025-03-04T00:27:56.591+0000] {logging_mixin.py:190} INFO - [2025-03-04T00:27:56.590+0000] {base.py:84} INFO - Retrieving connection 'snowflake_conn'
[2025-03-04T00:27:56.598+0000] {logging_mixin.py:190} INFO - [2025-03-04T00:27:56.597+0000] {connection.py:413} INFO - Snowflake Connector for Python Version: 3.12.1, Python Version: 3.12.5, Platform: Linux-5.15.167.4-microsoft-standard-WSL2-x86_64-with-glibc2.36
[2025-03-04T00:27:56.601+0000] {logging_mixin.py:190} INFO - [2025-03-04T00:27:56.601+0000] {connection.py:1196} INFO - Connecting to GLOBAL Snowflake domain
[2025-03-04T00:27:56.603+0000] {logging_mixin.py:190} INFO - [2025-03-04T00:27:56.602+0000] {connection.py:1277} INFO - This connection is in OCSP Fail Open Mode. TLS Certificates would be checked for validity and revocation status. Any other Certificate Revocation related exceptions or OCSP Responder failures would be disregarded in favor of connectivity.
[2025-03-04T00:27:57.295+0000] {processor.py:925} INFO - DAG(s) 'train_predict' retrieved from /opt/airflow/dags/train_predict.py
[2025-03-04T00:27:57.497+0000] {logging_mixin.py:190} INFO - [2025-03-04T00:27:57.496+0000] {dag.py:3229} INFO - Sync 1 DAGs
[2025-03-04T00:27:57.532+0000] {logging_mixin.py:190} INFO - [2025-03-04T00:27:57.532+0000] {dag.py:4156} INFO - Setting next_dagrun for train_predict to 2025-03-04 00:00:00+00:00, run_after=2025-03-05 00:00:00+00:00
[2025-03-04T00:27:57.571+0000] {processor.py:208} INFO - Processing /opt/airflow/dags/train_predict.py took 1.090 seconds
[2025-03-04T00:28:27.893+0000] {processor.py:186} INFO - Started process (PID=8092) to work on /opt/airflow/dags/train_predict.py
[2025-03-04T00:28:27.895+0000] {processor.py:914} INFO - Processing file /opt/airflow/dags/train_predict.py for tasks to queue
[2025-03-04T00:28:27.898+0000] {logging_mixin.py:190} INFO - [2025-03-04T00:28:27.897+0000] {dagbag.py:587} INFO - Filling up the DagBag from /opt/airflow/dags/train_predict.py
[2025-03-04T00:28:27.967+0000] {logging_mixin.py:190} INFO - [2025-03-04T00:28:27.967+0000] {base.py:84} INFO - Retrieving connection 'snowflake_conn'
[2025-03-04T00:28:27.971+0000] {logging_mixin.py:190} INFO - [2025-03-04T00:28:27.971+0000] {connection.py:413} INFO - Snowflake Connector for Python Version: 3.12.1, Python Version: 3.12.5, Platform: Linux-5.15.167.4-microsoft-standard-WSL2-x86_64-with-glibc2.36
[2025-03-04T00:28:27.974+0000] {logging_mixin.py:190} INFO - [2025-03-04T00:28:27.974+0000] {connection.py:1196} INFO - Connecting to GLOBAL Snowflake domain
[2025-03-04T00:28:27.976+0000] {logging_mixin.py:190} INFO - [2025-03-04T00:28:27.976+0000] {connection.py:1277} INFO - This connection is in OCSP Fail Open Mode. TLS Certificates would be checked for validity and revocation status. Any other Certificate Revocation related exceptions or OCSP Responder failures would be disregarded in favor of connectivity.
[2025-03-04T00:28:28.444+0000] {processor.py:925} INFO - DAG(s) 'train_predict' retrieved from /opt/airflow/dags/train_predict.py
[2025-03-04T00:28:28.976+0000] {logging_mixin.py:190} INFO - [2025-03-04T00:28:28.975+0000] {dag.py:3229} INFO - Sync 1 DAGs
[2025-03-04T00:28:29.020+0000] {logging_mixin.py:190} INFO - [2025-03-04T00:28:29.019+0000] {dag.py:4156} INFO - Setting next_dagrun for train_predict to 2025-03-04 00:00:00+00:00, run_after=2025-03-05 00:00:00+00:00
[2025-03-04T00:28:29.070+0000] {processor.py:208} INFO - Processing /opt/airflow/dags/train_predict.py took 1.189 seconds
[2025-03-04T00:28:59.381+0000] {processor.py:186} INFO - Started process (PID=8103) to work on /opt/airflow/dags/train_predict.py
[2025-03-04T00:28:59.383+0000] {processor.py:914} INFO - Processing file /opt/airflow/dags/train_predict.py for tasks to queue
[2025-03-04T00:28:59.386+0000] {logging_mixin.py:190} INFO - [2025-03-04T00:28:59.385+0000] {dagbag.py:587} INFO - Filling up the DagBag from /opt/airflow/dags/train_predict.py
[2025-03-04T00:28:59.448+0000] {logging_mixin.py:190} INFO - [2025-03-04T00:28:59.447+0000] {base.py:84} INFO - Retrieving connection 'snowflake_conn'
[2025-03-04T00:28:59.450+0000] {logging_mixin.py:190} INFO - [2025-03-04T00:28:59.450+0000] {connection.py:413} INFO - Snowflake Connector for Python Version: 3.12.1, Python Version: 3.12.5, Platform: Linux-5.15.167.4-microsoft-standard-WSL2-x86_64-with-glibc2.36
[2025-03-04T00:28:59.453+0000] {logging_mixin.py:190} INFO - [2025-03-04T00:28:59.453+0000] {connection.py:1196} INFO - Connecting to GLOBAL Snowflake domain
[2025-03-04T00:28:59.454+0000] {logging_mixin.py:190} INFO - [2025-03-04T00:28:59.454+0000] {connection.py:1277} INFO - This connection is in OCSP Fail Open Mode. TLS Certificates would be checked for validity and revocation status. Any other Certificate Revocation related exceptions or OCSP Responder failures would be disregarded in favor of connectivity.
[2025-03-04T00:28:59.970+0000] {processor.py:925} INFO - DAG(s) 'train_predict' retrieved from /opt/airflow/dags/train_predict.py
[2025-03-04T00:29:00.531+0000] {logging_mixin.py:190} INFO - [2025-03-04T00:29:00.530+0000] {dag.py:3229} INFO - Sync 1 DAGs
[2025-03-04T00:29:00.582+0000] {logging_mixin.py:190} INFO - [2025-03-04T00:29:00.582+0000] {dag.py:4156} INFO - Setting next_dagrun for train_predict to 2025-03-04 00:00:00+00:00, run_after=2025-03-05 00:00:00+00:00
[2025-03-04T00:29:00.630+0000] {processor.py:208} INFO - Processing /opt/airflow/dags/train_predict.py took 1.263 seconds
